INFO  | 2022-07-22 17:09:23 | [main] util.LogHelper (LogHelper.java:31) - HHH000204: Processing PersistenceUnitInfo [
	name: kronos_pu
	...]
INFO  | 2022-07-22 17:09:23 | [main] hibernate.Version (Version.java:45) - HHH000412: Hibernate Core {5.2.9.Final}
INFO  | 2022-07-22 17:09:23 | [main] cfg.Environment (Environment.java:213) - HHH000206: hibernate.properties not found
INFO  | 2022-07-22 17:09:23 | [main] java.JavaReflectionManager (JavaReflectionManager.java:66) - HCANN000001: Hibernate Commons Annotations {5.0.1.Final}
WARN  | 2022-07-22 17:09:23 | [main] internal.DriverManagerConnectionProviderImpl (DriverManagerConnectionProviderImpl.java:70) - HHH10001002: Using Hibernate built-in connection pool (not for production use!)
INFO  | 2022-07-22 17:09:23 | [main] internal.DriverManagerConnectionProviderImpl (DriverManagerConnectionProviderImpl.java:126) - HHH10001005: using driver [org.postgresql.Driver] at URL [jdbc:postgresql://localhost:5432/krbatch2]
INFO  | 2022-07-22 17:09:23 | [main] internal.DriverManagerConnectionProviderImpl (DriverManagerConnectionProviderImpl.java:135) - HHH10001001: Connection properties: {user=postgres, password=****}
INFO  | 2022-07-22 17:09:23 | [main] internal.DriverManagerConnectionProviderImpl (DriverManagerConnectionProviderImpl.java:140) - HHH10001003: Autocommit mode: false
INFO  | 2022-07-22 17:09:23 | [main] internal.PooledConnections (PooledConnections.java:41) - HHH000115: Hibernate connection pool size: 20 (min=1)
INFO  | 2022-07-22 17:09:24 | [main] dialect.Dialect (Dialect.java:157) - HHH000400: Using dialect: org.hibernate.dialect.PostgreSQL81Dialect
INFO  | 2022-07-22 17:09:24 | [main] internal.LobCreatorBuilderImpl (LobCreatorBuilderImpl.java:124) - HHH000424: Disabling contextual LOB creation as createClob() method threw error : java.lang.reflect.InvocationTargetException
INFO  | 2022-07-22 17:09:24 | [main] internal.DdlTransactionIsolatorNonJtaImpl (DdlTransactionIsolatorNonJtaImpl.java:47) - HHH10001501: Connection obtained from JdbcConnectionAccess [org.hibernate.engine.jdbc.env.internal.JdbcEnvironmentInitiator$ConnectionProviderJdbcConnectionAccess@315ba14a] for (non-JTA) DDL execution was not in auto-commit mode; the Connection 'local transaction' will be committed and the Connection will be set into auto-commit mode.
INFO  | 2022-07-22 17:09:24 | [main] internal.QueryTranslatorFactoryInitiator (QueryTranslatorFactoryInitiator.java:47) - HHH000397: Using ASTQueryTranslatorFactory
INFO  | 2022-07-22 17:09:24 | [main] internal.DriverManagerConnectionProviderImpl (DriverManagerConnectionProviderImpl.java:230) - HHH10001008: Cleaning up connection pool [jdbc:postgresql://localhost:5432/krbatch2]
INFO  | 2022-07-22 17:09:49 | [main] util.LogHelper (LogHelper.java:31) - HHH000204: Processing PersistenceUnitInfo [
	name: kronos_pu
	...]
INFO  | 2022-07-22 17:09:49 | [main] hibernate.Version (Version.java:45) - HHH000412: Hibernate Core {5.2.9.Final}
INFO  | 2022-07-22 17:09:49 | [main] cfg.Environment (Environment.java:213) - HHH000206: hibernate.properties not found
INFO  | 2022-07-22 17:09:49 | [main] java.JavaReflectionManager (JavaReflectionManager.java:66) - HCANN000001: Hibernate Commons Annotations {5.0.1.Final}
WARN  | 2022-07-22 17:09:49 | [main] internal.DriverManagerConnectionProviderImpl (DriverManagerConnectionProviderImpl.java:70) - HHH10001002: Using Hibernate built-in connection pool (not for production use!)
INFO  | 2022-07-22 17:09:49 | [main] internal.DriverManagerConnectionProviderImpl (DriverManagerConnectionProviderImpl.java:126) - HHH10001005: using driver [org.postgresql.Driver] at URL [jdbc:postgresql://localhost:5432/krbatch2]
INFO  | 2022-07-22 17:09:49 | [main] internal.DriverManagerConnectionProviderImpl (DriverManagerConnectionProviderImpl.java:135) - HHH10001001: Connection properties: {user=postgres, password=****}
INFO  | 2022-07-22 17:09:49 | [main] internal.DriverManagerConnectionProviderImpl (DriverManagerConnectionProviderImpl.java:140) - HHH10001003: Autocommit mode: false
INFO  | 2022-07-22 17:09:49 | [main] internal.PooledConnections (PooledConnections.java:41) - HHH000115: Hibernate connection pool size: 20 (min=1)
INFO  | 2022-07-22 17:09:49 | [main] dialect.Dialect (Dialect.java:157) - HHH000400: Using dialect: org.hibernate.dialect.PostgreSQL81Dialect
INFO  | 2022-07-22 17:09:49 | [main] internal.LobCreatorBuilderImpl (LobCreatorBuilderImpl.java:124) - HHH000424: Disabling contextual LOB creation as createClob() method threw error : java.lang.reflect.InvocationTargetException
INFO  | 2022-07-22 17:09:50 | [main] internal.DdlTransactionIsolatorNonJtaImpl (DdlTransactionIsolatorNonJtaImpl.java:47) - HHH10001501: Connection obtained from JdbcConnectionAccess [org.hibernate.engine.jdbc.env.internal.JdbcEnvironmentInitiator$ConnectionProviderJdbcConnectionAccess@315ba14a] for (non-JTA) DDL execution was not in auto-commit mode; the Connection 'local transaction' will be committed and the Connection will be set into auto-commit mode.
INFO  | 2022-07-22 17:09:50 | [main] internal.QueryTranslatorFactoryInitiator (QueryTranslatorFactoryInitiator.java:47) - HHH000397: Using ASTQueryTranslatorFactory
INFO  | 2022-07-22 17:09:50 | [main] internal.DriverManagerConnectionProviderImpl (DriverManagerConnectionProviderImpl.java:230) - HHH10001008: Cleaning up connection pool [jdbc:postgresql://localhost:5432/krbatch2]
INFO  | 2022-07-22 17:22:52 | [main] util.LogHelper (LogHelper.java:31) - HHH000204: Processing PersistenceUnitInfo [
	name: kronos_pu
	...]
INFO  | 2022-07-22 17:22:52 | [main] hibernate.Version (Version.java:45) - HHH000412: Hibernate Core {5.2.9.Final}
INFO  | 2022-07-22 17:22:52 | [main] cfg.Environment (Environment.java:213) - HHH000206: hibernate.properties not found
INFO  | 2022-07-22 17:22:53 | [main] java.JavaReflectionManager (JavaReflectionManager.java:66) - HCANN000001: Hibernate Commons Annotations {5.0.1.Final}
WARN  | 2022-07-22 17:22:53 | [main] internal.DriverManagerConnectionProviderImpl (DriverManagerConnectionProviderImpl.java:70) - HHH10001002: Using Hibernate built-in connection pool (not for production use!)
INFO  | 2022-07-22 17:22:53 | [main] internal.DriverManagerConnectionProviderImpl (DriverManagerConnectionProviderImpl.java:126) - HHH10001005: using driver [org.postgresql.Driver] at URL [jdbc:postgresql://localhost:5432/krbatch2]
INFO  | 2022-07-22 17:22:53 | [main] internal.DriverManagerConnectionProviderImpl (DriverManagerConnectionProviderImpl.java:135) - HHH10001001: Connection properties: {user=postgres, password=****}
INFO  | 2022-07-22 17:22:53 | [main] internal.DriverManagerConnectionProviderImpl (DriverManagerConnectionProviderImpl.java:140) - HHH10001003: Autocommit mode: false
INFO  | 2022-07-22 17:22:53 | [main] internal.PooledConnections (PooledConnections.java:41) - HHH000115: Hibernate connection pool size: 20 (min=1)
INFO  | 2022-07-22 17:22:53 | [main] dialect.Dialect (Dialect.java:157) - HHH000400: Using dialect: org.hibernate.dialect.PostgreSQL81Dialect
INFO  | 2022-07-22 17:22:53 | [main] internal.LobCreatorBuilderImpl (LobCreatorBuilderImpl.java:124) - HHH000424: Disabling contextual LOB creation as createClob() method threw error : java.lang.reflect.InvocationTargetException
INFO  | 2022-07-22 17:22:54 | [main] internal.DdlTransactionIsolatorNonJtaImpl (DdlTransactionIsolatorNonJtaImpl.java:47) - HHH10001501: Connection obtained from JdbcConnectionAccess [org.hibernate.engine.jdbc.env.internal.JdbcEnvironmentInitiator$ConnectionProviderJdbcConnectionAccess@315ba14a] for (non-JTA) DDL execution was not in auto-commit mode; the Connection 'local transaction' will be committed and the Connection will be set into auto-commit mode.
INFO  | 2022-07-22 17:22:54 | [main] internal.QueryTranslatorFactoryInitiator (QueryTranslatorFactoryInitiator.java:47) - HHH000397: Using ASTQueryTranslatorFactory
INFO  | 2022-07-22 17:22:54 | [main] internal.DriverManagerConnectionProviderImpl (DriverManagerConnectionProviderImpl.java:230) - HHH10001008: Cleaning up connection pool [jdbc:postgresql://localhost:5432/krbatch2]
INFO  | 2022-07-22 17:25:02 | [main] util.LogHelper (LogHelper.java:31) - HHH000204: Processing PersistenceUnitInfo [
	name: kronos_pu
	...]
INFO  | 2022-07-22 17:25:02 | [main] hibernate.Version (Version.java:45) - HHH000412: Hibernate Core {5.2.9.Final}
INFO  | 2022-07-22 17:25:02 | [main] cfg.Environment (Environment.java:213) - HHH000206: hibernate.properties not found
INFO  | 2022-07-22 17:25:02 | [main] java.JavaReflectionManager (JavaReflectionManager.java:66) - HCANN000001: Hibernate Commons Annotations {5.0.1.Final}
WARN  | 2022-07-22 17:25:02 | [main] internal.DriverManagerConnectionProviderImpl (DriverManagerConnectionProviderImpl.java:70) - HHH10001002: Using Hibernate built-in connection pool (not for production use!)
INFO  | 2022-07-22 17:25:02 | [main] internal.DriverManagerConnectionProviderImpl (DriverManagerConnectionProviderImpl.java:126) - HHH10001005: using driver [org.postgresql.Driver] at URL [jdbc:postgresql://localhost:5432/krbatch2]
INFO  | 2022-07-22 17:25:02 | [main] internal.DriverManagerConnectionProviderImpl (DriverManagerConnectionProviderImpl.java:135) - HHH10001001: Connection properties: {user=postgres, password=****}
INFO  | 2022-07-22 17:25:02 | [main] internal.DriverManagerConnectionProviderImpl (DriverManagerConnectionProviderImpl.java:140) - HHH10001003: Autocommit mode: false
INFO  | 2022-07-22 17:25:02 | [main] internal.PooledConnections (PooledConnections.java:41) - HHH000115: Hibernate connection pool size: 20 (min=1)
INFO  | 2022-07-22 17:25:03 | [main] dialect.Dialect (Dialect.java:157) - HHH000400: Using dialect: org.hibernate.dialect.PostgreSQL81Dialect
INFO  | 2022-07-22 17:25:03 | [main] internal.LobCreatorBuilderImpl (LobCreatorBuilderImpl.java:124) - HHH000424: Disabling contextual LOB creation as createClob() method threw error : java.lang.reflect.InvocationTargetException
INFO  | 2022-07-22 17:25:03 | [main] internal.DdlTransactionIsolatorNonJtaImpl (DdlTransactionIsolatorNonJtaImpl.java:47) - HHH10001501: Connection obtained from JdbcConnectionAccess [org.hibernate.engine.jdbc.env.internal.JdbcEnvironmentInitiator$ConnectionProviderJdbcConnectionAccess@315ba14a] for (non-JTA) DDL execution was not in auto-commit mode; the Connection 'local transaction' will be committed and the Connection will be set into auto-commit mode.
INFO  | 2022-07-22 17:25:03 | [main] internal.QueryTranslatorFactoryInitiator (QueryTranslatorFactoryInitiator.java:47) - HHH000397: Using ASTQueryTranslatorFactory
INFO  | 2022-07-22 17:25:04 | [main] internal.DriverManagerConnectionProviderImpl (DriverManagerConnectionProviderImpl.java:230) - HHH10001008: Cleaning up connection pool [jdbc:postgresql://localhost:5432/krbatch2]
INFO  | 2022-07-22 17:33:40 | [main] util.LogHelper (LogHelper.java:31) - HHH000204: Processing PersistenceUnitInfo [
	name: kronos_pu
	...]
INFO  | 2022-07-22 17:33:40 | [main] hibernate.Version (Version.java:45) - HHH000412: Hibernate Core {5.2.9.Final}
INFO  | 2022-07-22 17:33:40 | [main] cfg.Environment (Environment.java:213) - HHH000206: hibernate.properties not found
INFO  | 2022-07-22 17:33:41 | [main] java.JavaReflectionManager (JavaReflectionManager.java:66) - HCANN000001: Hibernate Commons Annotations {5.0.1.Final}
WARN  | 2022-07-22 17:33:41 | [main] internal.DriverManagerConnectionProviderImpl (DriverManagerConnectionProviderImpl.java:70) - HHH10001002: Using Hibernate built-in connection pool (not for production use!)
INFO  | 2022-07-22 17:33:41 | [main] internal.DriverManagerConnectionProviderImpl (DriverManagerConnectionProviderImpl.java:126) - HHH10001005: using driver [org.postgresql.Driver] at URL [jdbc:postgresql://localhost:5432/krbatch2]
INFO  | 2022-07-22 17:33:41 | [main] internal.DriverManagerConnectionProviderImpl (DriverManagerConnectionProviderImpl.java:135) - HHH10001001: Connection properties: {user=postgres, password=****}
INFO  | 2022-07-22 17:33:41 | [main] internal.DriverManagerConnectionProviderImpl (DriverManagerConnectionProviderImpl.java:140) - HHH10001003: Autocommit mode: false
INFO  | 2022-07-22 17:33:41 | [main] internal.PooledConnections (PooledConnections.java:41) - HHH000115: Hibernate connection pool size: 20 (min=1)
INFO  | 2022-07-22 17:33:41 | [main] dialect.Dialect (Dialect.java:157) - HHH000400: Using dialect: org.hibernate.dialect.PostgreSQL81Dialect
INFO  | 2022-07-22 17:33:41 | [main] internal.LobCreatorBuilderImpl (LobCreatorBuilderImpl.java:124) - HHH000424: Disabling contextual LOB creation as createClob() method threw error : java.lang.reflect.InvocationTargetException
INFO  | 2022-07-22 17:33:42 | [main] internal.DdlTransactionIsolatorNonJtaImpl (DdlTransactionIsolatorNonJtaImpl.java:47) - HHH10001501: Connection obtained from JdbcConnectionAccess [org.hibernate.engine.jdbc.env.internal.JdbcEnvironmentInitiator$ConnectionProviderJdbcConnectionAccess@315ba14a] for (non-JTA) DDL execution was not in auto-commit mode; the Connection 'local transaction' will be committed and the Connection will be set into auto-commit mode.
INFO  | 2022-07-22 17:33:42 | [main] internal.DriverManagerConnectionProviderImpl (DriverManagerConnectionProviderImpl.java:230) - HHH10001008: Cleaning up connection pool [jdbc:postgresql://localhost:5432/krbatch2]
INFO  | 2022-07-22 17:33:51 | [main] util.LogHelper (LogHelper.java:31) - HHH000204: Processing PersistenceUnitInfo [
	name: kronos_pu
	...]
INFO  | 2022-07-22 17:33:51 | [main] hibernate.Version (Version.java:45) - HHH000412: Hibernate Core {5.2.9.Final}
INFO  | 2022-07-22 17:33:51 | [main] cfg.Environment (Environment.java:213) - HHH000206: hibernate.properties not found
INFO  | 2022-07-22 17:33:51 | [main] java.JavaReflectionManager (JavaReflectionManager.java:66) - HCANN000001: Hibernate Commons Annotations {5.0.1.Final}
WARN  | 2022-07-22 17:33:51 | [main] internal.DriverManagerConnectionProviderImpl (DriverManagerConnectionProviderImpl.java:70) - HHH10001002: Using Hibernate built-in connection pool (not for production use!)
INFO  | 2022-07-22 17:33:51 | [main] internal.DriverManagerConnectionProviderImpl (DriverManagerConnectionProviderImpl.java:126) - HHH10001005: using driver [org.postgresql.Driver] at URL [jdbc:postgresql://localhost:5432/krbatch2]
INFO  | 2022-07-22 17:33:51 | [main] internal.DriverManagerConnectionProviderImpl (DriverManagerConnectionProviderImpl.java:135) - HHH10001001: Connection properties: {user=postgres, password=****}
INFO  | 2022-07-22 17:33:51 | [main] internal.DriverManagerConnectionProviderImpl (DriverManagerConnectionProviderImpl.java:140) - HHH10001003: Autocommit mode: false
INFO  | 2022-07-22 17:33:51 | [main] internal.PooledConnections (PooledConnections.java:41) - HHH000115: Hibernate connection pool size: 20 (min=1)
INFO  | 2022-07-22 17:33:52 | [main] dialect.Dialect (Dialect.java:157) - HHH000400: Using dialect: org.hibernate.dialect.PostgreSQL81Dialect
INFO  | 2022-07-22 17:33:52 | [main] internal.LobCreatorBuilderImpl (LobCreatorBuilderImpl.java:124) - HHH000424: Disabling contextual LOB creation as createClob() method threw error : java.lang.reflect.InvocationTargetException
INFO  | 2022-07-22 17:33:52 | [main] internal.DdlTransactionIsolatorNonJtaImpl (DdlTransactionIsolatorNonJtaImpl.java:47) - HHH10001501: Connection obtained from JdbcConnectionAccess [org.hibernate.engine.jdbc.env.internal.JdbcEnvironmentInitiator$ConnectionProviderJdbcConnectionAccess@315ba14a] for (non-JTA) DDL execution was not in auto-commit mode; the Connection 'local transaction' will be committed and the Connection will be set into auto-commit mode.
INFO  | 2022-07-22 17:33:52 | [main] internal.QueryTranslatorFactoryInitiator (QueryTranslatorFactoryInitiator.java:47) - HHH000397: Using ASTQueryTranslatorFactory
INFO  | 2022-07-22 17:33:52 | [main] internal.DriverManagerConnectionProviderImpl (DriverManagerConnectionProviderImpl.java:230) - HHH10001008: Cleaning up connection pool [jdbc:postgresql://localhost:5432/krbatch2]
INFO  | 2022-07-23 14:27:00 | [main] util.LogHelper (LogHelper.java:31) - HHH000204: Processing PersistenceUnitInfo [
	name: kronos_pu
	...]
INFO  | 2022-07-23 14:27:00 | [main] hibernate.Version (Version.java:45) - HHH000412: Hibernate Core {5.2.9.Final}
INFO  | 2022-07-23 14:27:00 | [main] cfg.Environment (Environment.java:213) - HHH000206: hibernate.properties not found
INFO  | 2022-07-23 14:27:00 | [main] java.JavaReflectionManager (JavaReflectionManager.java:66) - HCANN000001: Hibernate Commons Annotations {5.0.1.Final}
WARN  | 2022-07-23 14:27:01 | [main] internal.DriverManagerConnectionProviderImpl (DriverManagerConnectionProviderImpl.java:70) - HHH10001002: Using Hibernate built-in connection pool (not for production use!)
INFO  | 2022-07-23 14:27:01 | [main] internal.DriverManagerConnectionProviderImpl (DriverManagerConnectionProviderImpl.java:126) - HHH10001005: using driver [org.postgresql.Driver] at URL [jdbc:postgresql://localhost:5432/krbatch2]
INFO  | 2022-07-23 14:27:01 | [main] internal.DriverManagerConnectionProviderImpl (DriverManagerConnectionProviderImpl.java:135) - HHH10001001: Connection properties: {user=postgres, password=****}
INFO  | 2022-07-23 14:27:01 | [main] internal.DriverManagerConnectionProviderImpl (DriverManagerConnectionProviderImpl.java:140) - HHH10001003: Autocommit mode: false
INFO  | 2022-07-23 14:27:01 | [main] internal.PooledConnections (PooledConnections.java:41) - HHH000115: Hibernate connection pool size: 20 (min=1)
INFO  | 2022-07-23 14:27:01 | [main] dialect.Dialect (Dialect.java:157) - HHH000400: Using dialect: org.hibernate.dialect.PostgreSQL81Dialect
INFO  | 2022-07-23 14:27:01 | [main] internal.LobCreatorBuilderImpl (LobCreatorBuilderImpl.java:124) - HHH000424: Disabling contextual LOB creation as createClob() method threw error : java.lang.reflect.InvocationTargetException
INFO  | 2022-07-23 14:27:02 | [main] internal.DdlTransactionIsolatorNonJtaImpl (DdlTransactionIsolatorNonJtaImpl.java:47) - HHH10001501: Connection obtained from JdbcConnectionAccess [org.hibernate.engine.jdbc.env.internal.JdbcEnvironmentInitiator$ConnectionProviderJdbcConnectionAccess@315ba14a] for (non-JTA) DDL execution was not in auto-commit mode; the Connection 'local transaction' will be committed and the Connection will be set into auto-commit mode.
INFO  | 2022-07-23 14:27:02 | [main] internal.QueryTranslatorFactoryInitiator (QueryTranslatorFactoryInitiator.java:47) - HHH000397: Using ASTQueryTranslatorFactory
INFO  | 2022-07-23 14:27:02 | [main] internal.DriverManagerConnectionProviderImpl (DriverManagerConnectionProviderImpl.java:230) - HHH10001008: Cleaning up connection pool [jdbc:postgresql://localhost:5432/krbatch2]
INFO  | 2022-07-23 14:30:38 | [main] util.LogHelper (LogHelper.java:31) - HHH000204: Processing PersistenceUnitInfo [
	name: kronos_pu
	...]
INFO  | 2022-07-23 14:30:38 | [main] hibernate.Version (Version.java:45) - HHH000412: Hibernate Core {5.2.9.Final}
INFO  | 2022-07-23 14:30:38 | [main] cfg.Environment (Environment.java:213) - HHH000206: hibernate.properties not found
INFO  | 2022-07-23 14:30:39 | [main] java.JavaReflectionManager (JavaReflectionManager.java:66) - HCANN000001: Hibernate Commons Annotations {5.0.1.Final}
WARN  | 2022-07-23 14:30:39 | [main] internal.DriverManagerConnectionProviderImpl (DriverManagerConnectionProviderImpl.java:70) - HHH10001002: Using Hibernate built-in connection pool (not for production use!)
INFO  | 2022-07-23 14:30:39 | [main] internal.DriverManagerConnectionProviderImpl (DriverManagerConnectionProviderImpl.java:126) - HHH10001005: using driver [org.postgresql.Driver] at URL [jdbc:postgresql://localhost:5432/krbatch2]
INFO  | 2022-07-23 14:30:39 | [main] internal.DriverManagerConnectionProviderImpl (DriverManagerConnectionProviderImpl.java:135) - HHH10001001: Connection properties: {user=postgres, password=****}
INFO  | 2022-07-23 14:30:39 | [main] internal.DriverManagerConnectionProviderImpl (DriverManagerConnectionProviderImpl.java:140) - HHH10001003: Autocommit mode: false
INFO  | 2022-07-23 14:30:39 | [main] internal.PooledConnections (PooledConnections.java:41) - HHH000115: Hibernate connection pool size: 20 (min=1)
INFO  | 2022-07-23 14:30:39 | [main] dialect.Dialect (Dialect.java:157) - HHH000400: Using dialect: org.hibernate.dialect.PostgreSQL81Dialect
INFO  | 2022-07-23 14:30:39 | [main] internal.LobCreatorBuilderImpl (LobCreatorBuilderImpl.java:124) - HHH000424: Disabling contextual LOB creation as createClob() method threw error : java.lang.reflect.InvocationTargetException
INFO  | 2022-07-23 14:30:40 | [main] internal.DdlTransactionIsolatorNonJtaImpl (DdlTransactionIsolatorNonJtaImpl.java:47) - HHH10001501: Connection obtained from JdbcConnectionAccess [org.hibernate.engine.jdbc.env.internal.JdbcEnvironmentInitiator$ConnectionProviderJdbcConnectionAccess@27f0ad19] for (non-JTA) DDL execution was not in auto-commit mode; the Connection 'local transaction' will be committed and the Connection will be set into auto-commit mode.
INFO  | 2022-07-23 14:30:40 | [main] internal.DriverManagerConnectionProviderImpl (DriverManagerConnectionProviderImpl.java:230) - HHH10001008: Cleaning up connection pool [jdbc:postgresql://localhost:5432/krbatch2]
INFO  | 2022-07-23 14:33:42 | [main] util.LogHelper (LogHelper.java:31) - HHH000204: Processing PersistenceUnitInfo [
	name: kronos_pu
	...]
INFO  | 2022-07-23 14:33:42 | [main] hibernate.Version (Version.java:45) - HHH000412: Hibernate Core {5.2.9.Final}
INFO  | 2022-07-23 14:33:42 | [main] cfg.Environment (Environment.java:213) - HHH000206: hibernate.properties not found
INFO  | 2022-07-23 14:33:42 | [main] java.JavaReflectionManager (JavaReflectionManager.java:66) - HCANN000001: Hibernate Commons Annotations {5.0.1.Final}
WARN  | 2022-07-23 14:33:43 | [main] internal.DriverManagerConnectionProviderImpl (DriverManagerConnectionProviderImpl.java:70) - HHH10001002: Using Hibernate built-in connection pool (not for production use!)
INFO  | 2022-07-23 14:33:43 | [main] internal.DriverManagerConnectionProviderImpl (DriverManagerConnectionProviderImpl.java:126) - HHH10001005: using driver [org.postgresql.Driver] at URL [jdbc:postgresql://localhost:5432/krbatch2]
INFO  | 2022-07-23 14:33:43 | [main] internal.DriverManagerConnectionProviderImpl (DriverManagerConnectionProviderImpl.java:135) - HHH10001001: Connection properties: {user=postgres, password=****}
INFO  | 2022-07-23 14:33:43 | [main] internal.DriverManagerConnectionProviderImpl (DriverManagerConnectionProviderImpl.java:140) - HHH10001003: Autocommit mode: false
INFO  | 2022-07-23 14:33:43 | [main] internal.PooledConnections (PooledConnections.java:41) - HHH000115: Hibernate connection pool size: 20 (min=1)
INFO  | 2022-07-23 14:33:43 | [main] dialect.Dialect (Dialect.java:157) - HHH000400: Using dialect: org.hibernate.dialect.PostgreSQL81Dialect
INFO  | 2022-07-23 14:33:43 | [main] internal.LobCreatorBuilderImpl (LobCreatorBuilderImpl.java:124) - HHH000424: Disabling contextual LOB creation as createClob() method threw error : java.lang.reflect.InvocationTargetException
INFO  | 2022-07-23 14:33:44 | [main] internal.DdlTransactionIsolatorNonJtaImpl (DdlTransactionIsolatorNonJtaImpl.java:47) - HHH10001501: Connection obtained from JdbcConnectionAccess [org.hibernate.engine.jdbc.env.internal.JdbcEnvironmentInitiator$ConnectionProviderJdbcConnectionAccess@27f0ad19] for (non-JTA) DDL execution was not in auto-commit mode; the Connection 'local transaction' will be committed and the Connection will be set into auto-commit mode.
INFO  | 2022-07-23 14:33:44 | [main] internal.DriverManagerConnectionProviderImpl (DriverManagerConnectionProviderImpl.java:230) - HHH10001008: Cleaning up connection pool [jdbc:postgresql://localhost:5432/krbatch2]
INFO  | 2022-07-23 14:34:48 | [main] util.LogHelper (LogHelper.java:31) - HHH000204: Processing PersistenceUnitInfo [
	name: kronos_pu
	...]
INFO  | 2022-07-23 14:34:49 | [main] hibernate.Version (Version.java:45) - HHH000412: Hibernate Core {5.2.9.Final}
INFO  | 2022-07-23 14:34:49 | [main] cfg.Environment (Environment.java:213) - HHH000206: hibernate.properties not found
INFO  | 2022-07-23 14:34:49 | [main] java.JavaReflectionManager (JavaReflectionManager.java:66) - HCANN000001: Hibernate Commons Annotations {5.0.1.Final}
WARN  | 2022-07-23 14:34:49 | [main] internal.DriverManagerConnectionProviderImpl (DriverManagerConnectionProviderImpl.java:70) - HHH10001002: Using Hibernate built-in connection pool (not for production use!)
INFO  | 2022-07-23 14:34:49 | [main] internal.DriverManagerConnectionProviderImpl (DriverManagerConnectionProviderImpl.java:126) - HHH10001005: using driver [org.postgresql.Driver] at URL [jdbc:postgresql://localhost:5432/krbatch2]
INFO  | 2022-07-23 14:34:49 | [main] internal.DriverManagerConnectionProviderImpl (DriverManagerConnectionProviderImpl.java:135) - HHH10001001: Connection properties: {user=postgres, password=****}
INFO  | 2022-07-23 14:34:49 | [main] internal.DriverManagerConnectionProviderImpl (DriverManagerConnectionProviderImpl.java:140) - HHH10001003: Autocommit mode: false
INFO  | 2022-07-23 14:34:49 | [main] internal.PooledConnections (PooledConnections.java:41) - HHH000115: Hibernate connection pool size: 20 (min=1)
INFO  | 2022-07-23 14:34:49 | [main] dialect.Dialect (Dialect.java:157) - HHH000400: Using dialect: org.hibernate.dialect.PostgreSQL81Dialect
INFO  | 2022-07-23 14:34:49 | [main] internal.LobCreatorBuilderImpl (LobCreatorBuilderImpl.java:124) - HHH000424: Disabling contextual LOB creation as createClob() method threw error : java.lang.reflect.InvocationTargetException
INFO  | 2022-07-23 14:34:50 | [main] internal.DdlTransactionIsolatorNonJtaImpl (DdlTransactionIsolatorNonJtaImpl.java:47) - HHH10001501: Connection obtained from JdbcConnectionAccess [org.hibernate.engine.jdbc.env.internal.JdbcEnvironmentInitiator$ConnectionProviderJdbcConnectionAccess@27f0ad19] for (non-JTA) DDL execution was not in auto-commit mode; the Connection 'local transaction' will be committed and the Connection will be set into auto-commit mode.
INFO  | 2022-07-23 14:34:50 | [main] internal.DriverManagerConnectionProviderImpl (DriverManagerConnectionProviderImpl.java:230) - HHH10001008: Cleaning up connection pool [jdbc:postgresql://localhost:5432/krbatch2]
INFO  | 2022-07-23 14:35:57 | [main] util.LogHelper (LogHelper.java:31) - HHH000204: Processing PersistenceUnitInfo [
	name: kronos_pu
	...]
INFO  | 2022-07-23 14:35:57 | [main] hibernate.Version (Version.java:45) - HHH000412: Hibernate Core {5.2.9.Final}
INFO  | 2022-07-23 14:35:57 | [main] cfg.Environment (Environment.java:213) - HHH000206: hibernate.properties not found
INFO  | 2022-07-23 14:35:57 | [main] java.JavaReflectionManager (JavaReflectionManager.java:66) - HCANN000001: Hibernate Commons Annotations {5.0.1.Final}
WARN  | 2022-07-23 14:35:57 | [main] internal.DriverManagerConnectionProviderImpl (DriverManagerConnectionProviderImpl.java:70) - HHH10001002: Using Hibernate built-in connection pool (not for production use!)
INFO  | 2022-07-23 14:35:57 | [main] internal.DriverManagerConnectionProviderImpl (DriverManagerConnectionProviderImpl.java:126) - HHH10001005: using driver [org.postgresql.Driver] at URL [jdbc:postgresql://localhost:5432/krbatch2]
INFO  | 2022-07-23 14:35:57 | [main] internal.DriverManagerConnectionProviderImpl (DriverManagerConnectionProviderImpl.java:135) - HHH10001001: Connection properties: {user=postgres, password=****}
INFO  | 2022-07-23 14:35:57 | [main] internal.DriverManagerConnectionProviderImpl (DriverManagerConnectionProviderImpl.java:140) - HHH10001003: Autocommit mode: false
INFO  | 2022-07-23 14:35:57 | [main] internal.PooledConnections (PooledConnections.java:41) - HHH000115: Hibernate connection pool size: 20 (min=1)
INFO  | 2022-07-23 14:35:57 | [main] dialect.Dialect (Dialect.java:157) - HHH000400: Using dialect: org.hibernate.dialect.PostgreSQL81Dialect
INFO  | 2022-07-23 14:35:57 | [main] internal.LobCreatorBuilderImpl (LobCreatorBuilderImpl.java:124) - HHH000424: Disabling contextual LOB creation as createClob() method threw error : java.lang.reflect.InvocationTargetException
INFO  | 2022-07-23 14:35:58 | [main] internal.DdlTransactionIsolatorNonJtaImpl (DdlTransactionIsolatorNonJtaImpl.java:47) - HHH10001501: Connection obtained from JdbcConnectionAccess [org.hibernate.engine.jdbc.env.internal.JdbcEnvironmentInitiator$ConnectionProviderJdbcConnectionAccess@27f0ad19] for (non-JTA) DDL execution was not in auto-commit mode; the Connection 'local transaction' will be committed and the Connection will be set into auto-commit mode.
INFO  | 2022-07-23 14:35:58 | [main] internal.DriverManagerConnectionProviderImpl (DriverManagerConnectionProviderImpl.java:230) - HHH10001008: Cleaning up connection pool [jdbc:postgresql://localhost:5432/krbatch2]
INFO  | 2022-07-23 14:36:34 | [main] util.LogHelper (LogHelper.java:31) - HHH000204: Processing PersistenceUnitInfo [
	name: kronos_pu
	...]
INFO  | 2022-07-23 14:36:34 | [main] hibernate.Version (Version.java:45) - HHH000412: Hibernate Core {5.2.9.Final}
INFO  | 2022-07-23 14:36:34 | [main] cfg.Environment (Environment.java:213) - HHH000206: hibernate.properties not found
INFO  | 2022-07-23 14:36:34 | [main] java.JavaReflectionManager (JavaReflectionManager.java:66) - HCANN000001: Hibernate Commons Annotations {5.0.1.Final}
WARN  | 2022-07-23 14:36:34 | [main] internal.DriverManagerConnectionProviderImpl (DriverManagerConnectionProviderImpl.java:70) - HHH10001002: Using Hibernate built-in connection pool (not for production use!)
INFO  | 2022-07-23 14:36:34 | [main] internal.DriverManagerConnectionProviderImpl (DriverManagerConnectionProviderImpl.java:126) - HHH10001005: using driver [org.postgresql.Driver] at URL [jdbc:postgresql://localhost:5432/krbatch2]
INFO  | 2022-07-23 14:36:34 | [main] internal.DriverManagerConnectionProviderImpl (DriverManagerConnectionProviderImpl.java:135) - HHH10001001: Connection properties: {user=postgres, password=****}
INFO  | 2022-07-23 14:36:34 | [main] internal.DriverManagerConnectionProviderImpl (DriverManagerConnectionProviderImpl.java:140) - HHH10001003: Autocommit mode: false
INFO  | 2022-07-23 14:36:34 | [main] internal.PooledConnections (PooledConnections.java:41) - HHH000115: Hibernate connection pool size: 20 (min=1)
INFO  | 2022-07-23 14:36:35 | [main] dialect.Dialect (Dialect.java:157) - HHH000400: Using dialect: org.hibernate.dialect.PostgreSQL81Dialect
INFO  | 2022-07-23 14:36:35 | [main] internal.LobCreatorBuilderImpl (LobCreatorBuilderImpl.java:124) - HHH000424: Disabling contextual LOB creation as createClob() method threw error : java.lang.reflect.InvocationTargetException
INFO  | 2022-07-23 14:36:35 | [main] internal.DdlTransactionIsolatorNonJtaImpl (DdlTransactionIsolatorNonJtaImpl.java:47) - HHH10001501: Connection obtained from JdbcConnectionAccess [org.hibernate.engine.jdbc.env.internal.JdbcEnvironmentInitiator$ConnectionProviderJdbcConnectionAccess@27f0ad19] for (non-JTA) DDL execution was not in auto-commit mode; the Connection 'local transaction' will be committed and the Connection will be set into auto-commit mode.
INFO  | 2022-07-23 14:36:35 | [main] internal.DriverManagerConnectionProviderImpl (DriverManagerConnectionProviderImpl.java:230) - HHH10001008: Cleaning up connection pool [jdbc:postgresql://localhost:5432/krbatch2]
INFO  | 2022-07-23 14:36:49 | [main] util.LogHelper (LogHelper.java:31) - HHH000204: Processing PersistenceUnitInfo [
	name: kronos_pu
	...]
INFO  | 2022-07-23 14:36:49 | [main] hibernate.Version (Version.java:45) - HHH000412: Hibernate Core {5.2.9.Final}
INFO  | 2022-07-23 14:36:49 | [main] cfg.Environment (Environment.java:213) - HHH000206: hibernate.properties not found
INFO  | 2022-07-23 14:36:49 | [main] java.JavaReflectionManager (JavaReflectionManager.java:66) - HCANN000001: Hibernate Commons Annotations {5.0.1.Final}
WARN  | 2022-07-23 14:36:49 | [main] internal.DriverManagerConnectionProviderImpl (DriverManagerConnectionProviderImpl.java:70) - HHH10001002: Using Hibernate built-in connection pool (not for production use!)
INFO  | 2022-07-23 14:36:49 | [main] internal.DriverManagerConnectionProviderImpl (DriverManagerConnectionProviderImpl.java:126) - HHH10001005: using driver [org.postgresql.Driver] at URL [jdbc:postgresql://localhost:5432/krbatch2]
INFO  | 2022-07-23 14:36:49 | [main] internal.DriverManagerConnectionProviderImpl (DriverManagerConnectionProviderImpl.java:135) - HHH10001001: Connection properties: {user=postgres, password=****}
INFO  | 2022-07-23 14:36:49 | [main] internal.DriverManagerConnectionProviderImpl (DriverManagerConnectionProviderImpl.java:140) - HHH10001003: Autocommit mode: false
INFO  | 2022-07-23 14:36:49 | [main] internal.PooledConnections (PooledConnections.java:41) - HHH000115: Hibernate connection pool size: 20 (min=1)
INFO  | 2022-07-23 14:36:50 | [main] dialect.Dialect (Dialect.java:157) - HHH000400: Using dialect: org.hibernate.dialect.PostgreSQL81Dialect
INFO  | 2022-07-23 14:36:50 | [main] internal.LobCreatorBuilderImpl (LobCreatorBuilderImpl.java:124) - HHH000424: Disabling contextual LOB creation as createClob() method threw error : java.lang.reflect.InvocationTargetException
INFO  | 2022-07-23 14:36:50 | [main] internal.DdlTransactionIsolatorNonJtaImpl (DdlTransactionIsolatorNonJtaImpl.java:47) - HHH10001501: Connection obtained from JdbcConnectionAccess [org.hibernate.engine.jdbc.env.internal.JdbcEnvironmentInitiator$ConnectionProviderJdbcConnectionAccess@27f0ad19] for (non-JTA) DDL execution was not in auto-commit mode; the Connection 'local transaction' will be committed and the Connection will be set into auto-commit mode.
INFO  | 2022-07-23 14:36:50 | [main] internal.DriverManagerConnectionProviderImpl (DriverManagerConnectionProviderImpl.java:230) - HHH10001008: Cleaning up connection pool [jdbc:postgresql://localhost:5432/krbatch2]
INFO  | 2022-07-23 14:37:09 | [main] util.LogHelper (LogHelper.java:31) - HHH000204: Processing PersistenceUnitInfo [
	name: kronos_pu
	...]
INFO  | 2022-07-23 14:37:09 | [main] hibernate.Version (Version.java:45) - HHH000412: Hibernate Core {5.2.9.Final}
INFO  | 2022-07-23 14:37:09 | [main] cfg.Environment (Environment.java:213) - HHH000206: hibernate.properties not found
INFO  | 2022-07-23 14:37:09 | [main] java.JavaReflectionManager (JavaReflectionManager.java:66) - HCANN000001: Hibernate Commons Annotations {5.0.1.Final}
WARN  | 2022-07-23 14:37:09 | [main] internal.DriverManagerConnectionProviderImpl (DriverManagerConnectionProviderImpl.java:70) - HHH10001002: Using Hibernate built-in connection pool (not for production use!)
INFO  | 2022-07-23 14:37:09 | [main] internal.DriverManagerConnectionProviderImpl (DriverManagerConnectionProviderImpl.java:126) - HHH10001005: using driver [org.postgresql.Driver] at URL [jdbc:postgresql://localhost:5432/krbatch2]
INFO  | 2022-07-23 14:37:09 | [main] internal.DriverManagerConnectionProviderImpl (DriverManagerConnectionProviderImpl.java:135) - HHH10001001: Connection properties: {user=postgres, password=****}
INFO  | 2022-07-23 14:37:09 | [main] internal.DriverManagerConnectionProviderImpl (DriverManagerConnectionProviderImpl.java:140) - HHH10001003: Autocommit mode: false
INFO  | 2022-07-23 14:37:09 | [main] internal.PooledConnections (PooledConnections.java:41) - HHH000115: Hibernate connection pool size: 20 (min=1)
INFO  | 2022-07-23 14:37:09 | [main] dialect.Dialect (Dialect.java:157) - HHH000400: Using dialect: org.hibernate.dialect.PostgreSQL81Dialect
INFO  | 2022-07-23 14:37:09 | [main] internal.LobCreatorBuilderImpl (LobCreatorBuilderImpl.java:124) - HHH000424: Disabling contextual LOB creation as createClob() method threw error : java.lang.reflect.InvocationTargetException
INFO  | 2022-07-23 14:37:10 | [main] internal.DdlTransactionIsolatorNonJtaImpl (DdlTransactionIsolatorNonJtaImpl.java:47) - HHH10001501: Connection obtained from JdbcConnectionAccess [org.hibernate.engine.jdbc.env.internal.JdbcEnvironmentInitiator$ConnectionProviderJdbcConnectionAccess@27f0ad19] for (non-JTA) DDL execution was not in auto-commit mode; the Connection 'local transaction' will be committed and the Connection will be set into auto-commit mode.
INFO  | 2022-07-23 14:37:10 | [main] internal.DriverManagerConnectionProviderImpl (DriverManagerConnectionProviderImpl.java:230) - HHH10001008: Cleaning up connection pool [jdbc:postgresql://localhost:5432/krbatch2]
INFO  | 2022-07-23 14:40:43 | [main] util.LogHelper (LogHelper.java:31) - HHH000204: Processing PersistenceUnitInfo [
	name: kronos_pu
	...]
INFO  | 2022-07-23 14:40:43 | [main] hibernate.Version (Version.java:45) - HHH000412: Hibernate Core {5.2.9.Final}
INFO  | 2022-07-23 14:40:43 | [main] cfg.Environment (Environment.java:213) - HHH000206: hibernate.properties not found
INFO  | 2022-07-23 14:40:43 | [main] java.JavaReflectionManager (JavaReflectionManager.java:66) - HCANN000001: Hibernate Commons Annotations {5.0.1.Final}
WARN  | 2022-07-23 14:40:43 | [main] internal.DriverManagerConnectionProviderImpl (DriverManagerConnectionProviderImpl.java:70) - HHH10001002: Using Hibernate built-in connection pool (not for production use!)
INFO  | 2022-07-23 14:40:43 | [main] internal.DriverManagerConnectionProviderImpl (DriverManagerConnectionProviderImpl.java:126) - HHH10001005: using driver [org.postgresql.Driver] at URL [jdbc:postgresql://localhost:5432/krbatch2]
INFO  | 2022-07-23 14:40:43 | [main] internal.DriverManagerConnectionProviderImpl (DriverManagerConnectionProviderImpl.java:135) - HHH10001001: Connection properties: {user=postgres, password=****}
INFO  | 2022-07-23 14:40:43 | [main] internal.DriverManagerConnectionProviderImpl (DriverManagerConnectionProviderImpl.java:140) - HHH10001003: Autocommit mode: false
INFO  | 2022-07-23 14:40:43 | [main] internal.PooledConnections (PooledConnections.java:41) - HHH000115: Hibernate connection pool size: 20 (min=1)
INFO  | 2022-07-23 14:40:44 | [main] dialect.Dialect (Dialect.java:157) - HHH000400: Using dialect: org.hibernate.dialect.PostgreSQL81Dialect
INFO  | 2022-07-23 14:40:44 | [main] internal.LobCreatorBuilderImpl (LobCreatorBuilderImpl.java:124) - HHH000424: Disabling contextual LOB creation as createClob() method threw error : java.lang.reflect.InvocationTargetException
INFO  | 2022-07-23 14:40:44 | [main] internal.DdlTransactionIsolatorNonJtaImpl (DdlTransactionIsolatorNonJtaImpl.java:47) - HHH10001501: Connection obtained from JdbcConnectionAccess [org.hibernate.engine.jdbc.env.internal.JdbcEnvironmentInitiator$ConnectionProviderJdbcConnectionAccess@27f0ad19] for (non-JTA) DDL execution was not in auto-commit mode; the Connection 'local transaction' will be committed and the Connection will be set into auto-commit mode.
INFO  | 2022-07-23 14:40:44 | [main] internal.DriverManagerConnectionProviderImpl (DriverManagerConnectionProviderImpl.java:230) - HHH10001008: Cleaning up connection pool [jdbc:postgresql://localhost:5432/krbatch2]
INFO  | 2022-07-23 14:41:04 | [main] util.LogHelper (LogHelper.java:31) - HHH000204: Processing PersistenceUnitInfo [
	name: kronos_pu
	...]
INFO  | 2022-07-23 14:41:04 | [main] hibernate.Version (Version.java:45) - HHH000412: Hibernate Core {5.2.9.Final}
INFO  | 2022-07-23 14:41:04 | [main] cfg.Environment (Environment.java:213) - HHH000206: hibernate.properties not found
INFO  | 2022-07-23 14:41:04 | [main] java.JavaReflectionManager (JavaReflectionManager.java:66) - HCANN000001: Hibernate Commons Annotations {5.0.1.Final}
WARN  | 2022-07-23 14:41:05 | [main] internal.DriverManagerConnectionProviderImpl (DriverManagerConnectionProviderImpl.java:70) - HHH10001002: Using Hibernate built-in connection pool (not for production use!)
INFO  | 2022-07-23 14:41:05 | [main] internal.DriverManagerConnectionProviderImpl (DriverManagerConnectionProviderImpl.java:126) - HHH10001005: using driver [org.postgresql.Driver] at URL [jdbc:postgresql://localhost:5432/krbatch2]
INFO  | 2022-07-23 14:41:05 | [main] internal.DriverManagerConnectionProviderImpl (DriverManagerConnectionProviderImpl.java:135) - HHH10001001: Connection properties: {user=postgres, password=****}
INFO  | 2022-07-23 14:41:05 | [main] internal.DriverManagerConnectionProviderImpl (DriverManagerConnectionProviderImpl.java:140) - HHH10001003: Autocommit mode: false
INFO  | 2022-07-23 14:41:05 | [main] internal.PooledConnections (PooledConnections.java:41) - HHH000115: Hibernate connection pool size: 20 (min=1)
INFO  | 2022-07-23 14:41:05 | [main] dialect.Dialect (Dialect.java:157) - HHH000400: Using dialect: org.hibernate.dialect.PostgreSQL81Dialect
INFO  | 2022-07-23 14:41:05 | [main] internal.LobCreatorBuilderImpl (LobCreatorBuilderImpl.java:124) - HHH000424: Disabling contextual LOB creation as createClob() method threw error : java.lang.reflect.InvocationTargetException
INFO  | 2022-07-23 14:41:06 | [main] internal.DdlTransactionIsolatorNonJtaImpl (DdlTransactionIsolatorNonJtaImpl.java:47) - HHH10001501: Connection obtained from JdbcConnectionAccess [org.hibernate.engine.jdbc.env.internal.JdbcEnvironmentInitiator$ConnectionProviderJdbcConnectionAccess@27f0ad19] for (non-JTA) DDL execution was not in auto-commit mode; the Connection 'local transaction' will be committed and the Connection will be set into auto-commit mode.
INFO  | 2022-07-23 14:41:06 | [main] internal.DriverManagerConnectionProviderImpl (DriverManagerConnectionProviderImpl.java:230) - HHH10001008: Cleaning up connection pool [jdbc:postgresql://localhost:5432/krbatch2]
INFO  | 2022-07-23 14:43:33 | [main] util.LogHelper (LogHelper.java:31) - HHH000204: Processing PersistenceUnitInfo [
	name: kronos_pu
	...]
INFO  | 2022-07-23 14:43:33 | [main] hibernate.Version (Version.java:45) - HHH000412: Hibernate Core {5.2.9.Final}
INFO  | 2022-07-23 14:43:33 | [main] cfg.Environment (Environment.java:213) - HHH000206: hibernate.properties not found
INFO  | 2022-07-23 14:43:33 | [main] java.JavaReflectionManager (JavaReflectionManager.java:66) - HCANN000001: Hibernate Commons Annotations {5.0.1.Final}
WARN  | 2022-07-23 14:43:33 | [main] internal.DriverManagerConnectionProviderImpl (DriverManagerConnectionProviderImpl.java:70) - HHH10001002: Using Hibernate built-in connection pool (not for production use!)
INFO  | 2022-07-23 14:43:33 | [main] internal.DriverManagerConnectionProviderImpl (DriverManagerConnectionProviderImpl.java:126) - HHH10001005: using driver [org.postgresql.Driver] at URL [jdbc:postgresql://localhost:5432/krbatch2]
INFO  | 2022-07-23 14:43:33 | [main] internal.DriverManagerConnectionProviderImpl (DriverManagerConnectionProviderImpl.java:135) - HHH10001001: Connection properties: {user=postgres, password=****}
INFO  | 2022-07-23 14:43:33 | [main] internal.DriverManagerConnectionProviderImpl (DriverManagerConnectionProviderImpl.java:140) - HHH10001003: Autocommit mode: false
INFO  | 2022-07-23 14:43:33 | [main] internal.PooledConnections (PooledConnections.java:41) - HHH000115: Hibernate connection pool size: 20 (min=1)
INFO  | 2022-07-23 14:43:33 | [main] dialect.Dialect (Dialect.java:157) - HHH000400: Using dialect: org.hibernate.dialect.PostgreSQL81Dialect
INFO  | 2022-07-23 14:43:33 | [main] internal.LobCreatorBuilderImpl (LobCreatorBuilderImpl.java:124) - HHH000424: Disabling contextual LOB creation as createClob() method threw error : java.lang.reflect.InvocationTargetException
INFO  | 2022-07-23 14:43:34 | [main] internal.DdlTransactionIsolatorNonJtaImpl (DdlTransactionIsolatorNonJtaImpl.java:47) - HHH10001501: Connection obtained from JdbcConnectionAccess [org.hibernate.engine.jdbc.env.internal.JdbcEnvironmentInitiator$ConnectionProviderJdbcConnectionAccess@27f0ad19] for (non-JTA) DDL execution was not in auto-commit mode; the Connection 'local transaction' will be committed and the Connection will be set into auto-commit mode.
INFO  | 2022-07-23 14:43:34 | [main] internal.DriverManagerConnectionProviderImpl (DriverManagerConnectionProviderImpl.java:230) - HHH10001008: Cleaning up connection pool [jdbc:postgresql://localhost:5432/krbatch2]
INFO  | 2022-07-23 14:43:47 | [main] util.LogHelper (LogHelper.java:31) - HHH000204: Processing PersistenceUnitInfo [
	name: kronos_pu
	...]
INFO  | 2022-07-23 14:43:48 | [main] hibernate.Version (Version.java:45) - HHH000412: Hibernate Core {5.2.9.Final}
INFO  | 2022-07-23 14:43:48 | [main] cfg.Environment (Environment.java:213) - HHH000206: hibernate.properties not found
INFO  | 2022-07-23 14:43:48 | [main] java.JavaReflectionManager (JavaReflectionManager.java:66) - HCANN000001: Hibernate Commons Annotations {5.0.1.Final}
WARN  | 2022-07-23 14:43:48 | [main] internal.DriverManagerConnectionProviderImpl (DriverManagerConnectionProviderImpl.java:70) - HHH10001002: Using Hibernate built-in connection pool (not for production use!)
INFO  | 2022-07-23 14:43:48 | [main] internal.DriverManagerConnectionProviderImpl (DriverManagerConnectionProviderImpl.java:126) - HHH10001005: using driver [org.postgresql.Driver] at URL [jdbc:postgresql://localhost:5432/krbatch2]
INFO  | 2022-07-23 14:43:48 | [main] internal.DriverManagerConnectionProviderImpl (DriverManagerConnectionProviderImpl.java:135) - HHH10001001: Connection properties: {user=postgres, password=****}
INFO  | 2022-07-23 14:43:48 | [main] internal.DriverManagerConnectionProviderImpl (DriverManagerConnectionProviderImpl.java:140) - HHH10001003: Autocommit mode: false
INFO  | 2022-07-23 14:43:48 | [main] internal.PooledConnections (PooledConnections.java:41) - HHH000115: Hibernate connection pool size: 20 (min=1)
INFO  | 2022-07-23 14:43:48 | [main] dialect.Dialect (Dialect.java:157) - HHH000400: Using dialect: org.hibernate.dialect.PostgreSQL81Dialect
INFO  | 2022-07-23 14:43:48 | [main] internal.LobCreatorBuilderImpl (LobCreatorBuilderImpl.java:124) - HHH000424: Disabling contextual LOB creation as createClob() method threw error : java.lang.reflect.InvocationTargetException
INFO  | 2022-07-23 14:43:49 | [main] internal.DdlTransactionIsolatorNonJtaImpl (DdlTransactionIsolatorNonJtaImpl.java:47) - HHH10001501: Connection obtained from JdbcConnectionAccess [org.hibernate.engine.jdbc.env.internal.JdbcEnvironmentInitiator$ConnectionProviderJdbcConnectionAccess@27f0ad19] for (non-JTA) DDL execution was not in auto-commit mode; the Connection 'local transaction' will be committed and the Connection will be set into auto-commit mode.
INFO  | 2022-07-23 14:43:49 | [main] internal.DriverManagerConnectionProviderImpl (DriverManagerConnectionProviderImpl.java:230) - HHH10001008: Cleaning up connection pool [jdbc:postgresql://localhost:5432/krbatch2]
INFO  | 2022-07-23 14:45:08 | [main] util.LogHelper (LogHelper.java:31) - HHH000204: Processing PersistenceUnitInfo [
	name: kronos_pu
	...]
INFO  | 2022-07-23 14:45:08 | [main] hibernate.Version (Version.java:45) - HHH000412: Hibernate Core {5.2.9.Final}
INFO  | 2022-07-23 14:45:08 | [main] cfg.Environment (Environment.java:213) - HHH000206: hibernate.properties not found
INFO  | 2022-07-23 14:45:08 | [main] java.JavaReflectionManager (JavaReflectionManager.java:66) - HCANN000001: Hibernate Commons Annotations {5.0.1.Final}
WARN  | 2022-07-23 14:45:08 | [main] internal.DriverManagerConnectionProviderImpl (DriverManagerConnectionProviderImpl.java:70) - HHH10001002: Using Hibernate built-in connection pool (not for production use!)
INFO  | 2022-07-23 14:45:08 | [main] internal.DriverManagerConnectionProviderImpl (DriverManagerConnectionProviderImpl.java:126) - HHH10001005: using driver [org.postgresql.Driver] at URL [jdbc:postgresql://localhost:5432/krbatch2]
INFO  | 2022-07-23 14:45:08 | [main] internal.DriverManagerConnectionProviderImpl (DriverManagerConnectionProviderImpl.java:135) - HHH10001001: Connection properties: {user=postgres, password=****}
INFO  | 2022-07-23 14:45:08 | [main] internal.DriverManagerConnectionProviderImpl (DriverManagerConnectionProviderImpl.java:140) - HHH10001003: Autocommit mode: false
INFO  | 2022-07-23 14:45:08 | [main] internal.PooledConnections (PooledConnections.java:41) - HHH000115: Hibernate connection pool size: 20 (min=1)
INFO  | 2022-07-23 14:45:08 | [main] dialect.Dialect (Dialect.java:157) - HHH000400: Using dialect: org.hibernate.dialect.PostgreSQL81Dialect
INFO  | 2022-07-23 14:45:08 | [main] internal.LobCreatorBuilderImpl (LobCreatorBuilderImpl.java:124) - HHH000424: Disabling contextual LOB creation as createClob() method threw error : java.lang.reflect.InvocationTargetException
INFO  | 2022-07-23 14:45:09 | [main] internal.DdlTransactionIsolatorNonJtaImpl (DdlTransactionIsolatorNonJtaImpl.java:47) - HHH10001501: Connection obtained from JdbcConnectionAccess [org.hibernate.engine.jdbc.env.internal.JdbcEnvironmentInitiator$ConnectionProviderJdbcConnectionAccess@27f0ad19] for (non-JTA) DDL execution was not in auto-commit mode; the Connection 'local transaction' will be committed and the Connection will be set into auto-commit mode.
INFO  | 2022-07-23 14:45:09 | [main] internal.QueryTranslatorFactoryInitiator (QueryTranslatorFactoryInitiator.java:47) - HHH000397: Using ASTQueryTranslatorFactory
INFO  | 2022-07-23 14:45:09 | [main] internal.DriverManagerConnectionProviderImpl (DriverManagerConnectionProviderImpl.java:230) - HHH10001008: Cleaning up connection pool [jdbc:postgresql://localhost:5432/krbatch2]
INFO  | 2022-07-23 14:45:59 | [main] util.LogHelper (LogHelper.java:31) - HHH000204: Processing PersistenceUnitInfo [
	name: kronos_pu
	...]
INFO  | 2022-07-23 14:45:59 | [main] hibernate.Version (Version.java:45) - HHH000412: Hibernate Core {5.2.9.Final}
INFO  | 2022-07-23 14:45:59 | [main] cfg.Environment (Environment.java:213) - HHH000206: hibernate.properties not found
INFO  | 2022-07-23 14:45:59 | [main] java.JavaReflectionManager (JavaReflectionManager.java:66) - HCANN000001: Hibernate Commons Annotations {5.0.1.Final}
WARN  | 2022-07-23 14:45:59 | [main] internal.DriverManagerConnectionProviderImpl (DriverManagerConnectionProviderImpl.java:70) - HHH10001002: Using Hibernate built-in connection pool (not for production use!)
INFO  | 2022-07-23 14:45:59 | [main] internal.DriverManagerConnectionProviderImpl (DriverManagerConnectionProviderImpl.java:126) - HHH10001005: using driver [org.postgresql.Driver] at URL [jdbc:postgresql://localhost:5432/krbatch2]
INFO  | 2022-07-23 14:45:59 | [main] internal.DriverManagerConnectionProviderImpl (DriverManagerConnectionProviderImpl.java:135) - HHH10001001: Connection properties: {user=postgres, password=****}
INFO  | 2022-07-23 14:45:59 | [main] internal.DriverManagerConnectionProviderImpl (DriverManagerConnectionProviderImpl.java:140) - HHH10001003: Autocommit mode: false
INFO  | 2022-07-23 14:45:59 | [main] internal.PooledConnections (PooledConnections.java:41) - HHH000115: Hibernate connection pool size: 20 (min=1)
INFO  | 2022-07-23 14:46:00 | [main] dialect.Dialect (Dialect.java:157) - HHH000400: Using dialect: org.hibernate.dialect.PostgreSQL81Dialect
INFO  | 2022-07-23 14:46:00 | [main] internal.LobCreatorBuilderImpl (LobCreatorBuilderImpl.java:124) - HHH000424: Disabling contextual LOB creation as createClob() method threw error : java.lang.reflect.InvocationTargetException
INFO  | 2022-07-23 14:46:00 | [main] internal.DdlTransactionIsolatorNonJtaImpl (DdlTransactionIsolatorNonJtaImpl.java:47) - HHH10001501: Connection obtained from JdbcConnectionAccess [org.hibernate.engine.jdbc.env.internal.JdbcEnvironmentInitiator$ConnectionProviderJdbcConnectionAccess@27f0ad19] for (non-JTA) DDL execution was not in auto-commit mode; the Connection 'local transaction' will be committed and the Connection will be set into auto-commit mode.
INFO  | 2022-07-23 14:46:00 | [main] internal.QueryTranslatorFactoryInitiator (QueryTranslatorFactoryInitiator.java:47) - HHH000397: Using ASTQueryTranslatorFactory
INFO  | 2022-07-23 14:46:24 | [main] util.LogHelper (LogHelper.java:31) - HHH000204: Processing PersistenceUnitInfo [
	name: kronos_pu
	...]
INFO  | 2022-07-23 14:46:24 | [main] hibernate.Version (Version.java:45) - HHH000412: Hibernate Core {5.2.9.Final}
INFO  | 2022-07-23 14:46:24 | [main] cfg.Environment (Environment.java:213) - HHH000206: hibernate.properties not found
INFO  | 2022-07-23 14:46:24 | [main] java.JavaReflectionManager (JavaReflectionManager.java:66) - HCANN000001: Hibernate Commons Annotations {5.0.1.Final}
WARN  | 2022-07-23 14:46:24 | [main] internal.DriverManagerConnectionProviderImpl (DriverManagerConnectionProviderImpl.java:70) - HHH10001002: Using Hibernate built-in connection pool (not for production use!)
INFO  | 2022-07-23 14:46:24 | [main] internal.DriverManagerConnectionProviderImpl (DriverManagerConnectionProviderImpl.java:126) - HHH10001005: using driver [org.postgresql.Driver] at URL [jdbc:postgresql://localhost:5432/krbatch2]
INFO  | 2022-07-23 14:46:24 | [main] internal.DriverManagerConnectionProviderImpl (DriverManagerConnectionProviderImpl.java:135) - HHH10001001: Connection properties: {user=postgres, password=****}
INFO  | 2022-07-23 14:46:24 | [main] internal.DriverManagerConnectionProviderImpl (DriverManagerConnectionProviderImpl.java:140) - HHH10001003: Autocommit mode: false
INFO  | 2022-07-23 14:46:24 | [main] internal.PooledConnections (PooledConnections.java:41) - HHH000115: Hibernate connection pool size: 20 (min=1)
INFO  | 2022-07-23 14:46:24 | [main] dialect.Dialect (Dialect.java:157) - HHH000400: Using dialect: org.hibernate.dialect.PostgreSQL81Dialect
INFO  | 2022-07-23 14:46:24 | [main] internal.LobCreatorBuilderImpl (LobCreatorBuilderImpl.java:124) - HHH000424: Disabling contextual LOB creation as createClob() method threw error : java.lang.reflect.InvocationTargetException
INFO  | 2022-07-23 14:46:25 | [main] internal.DdlTransactionIsolatorNonJtaImpl (DdlTransactionIsolatorNonJtaImpl.java:47) - HHH10001501: Connection obtained from JdbcConnectionAccess [org.hibernate.engine.jdbc.env.internal.JdbcEnvironmentInitiator$ConnectionProviderJdbcConnectionAccess@27f0ad19] for (non-JTA) DDL execution was not in auto-commit mode; the Connection 'local transaction' will be committed and the Connection will be set into auto-commit mode.
INFO  | 2022-07-23 14:46:25 | [main] internal.QueryTranslatorFactoryInitiator (QueryTranslatorFactoryInitiator.java:47) - HHH000397: Using ASTQueryTranslatorFactory
INFO  | 2022-07-23 14:46:25 | [main] internal.DriverManagerConnectionProviderImpl (DriverManagerConnectionProviderImpl.java:230) - HHH10001008: Cleaning up connection pool [jdbc:postgresql://localhost:5432/krbatch2]
INFO  | 2022-07-23 14:46:47 | [main] util.LogHelper (LogHelper.java:31) - HHH000204: Processing PersistenceUnitInfo [
	name: kronos_pu
	...]
INFO  | 2022-07-23 14:46:47 | [main] hibernate.Version (Version.java:45) - HHH000412: Hibernate Core {5.2.9.Final}
INFO  | 2022-07-23 14:46:47 | [main] cfg.Environment (Environment.java:213) - HHH000206: hibernate.properties not found
INFO  | 2022-07-23 14:46:47 | [main] java.JavaReflectionManager (JavaReflectionManager.java:66) - HCANN000001: Hibernate Commons Annotations {5.0.1.Final}
WARN  | 2022-07-23 14:46:47 | [main] internal.DriverManagerConnectionProviderImpl (DriverManagerConnectionProviderImpl.java:70) - HHH10001002: Using Hibernate built-in connection pool (not for production use!)
INFO  | 2022-07-23 14:46:47 | [main] internal.DriverManagerConnectionProviderImpl (DriverManagerConnectionProviderImpl.java:126) - HHH10001005: using driver [org.postgresql.Driver] at URL [jdbc:postgresql://localhost:5432/krbatch2]
INFO  | 2022-07-23 14:46:47 | [main] internal.DriverManagerConnectionProviderImpl (DriverManagerConnectionProviderImpl.java:135) - HHH10001001: Connection properties: {user=postgres, password=****}
INFO  | 2022-07-23 14:46:47 | [main] internal.DriverManagerConnectionProviderImpl (DriverManagerConnectionProviderImpl.java:140) - HHH10001003: Autocommit mode: false
INFO  | 2022-07-23 14:46:47 | [main] internal.PooledConnections (PooledConnections.java:41) - HHH000115: Hibernate connection pool size: 20 (min=1)
INFO  | 2022-07-23 14:46:47 | [main] dialect.Dialect (Dialect.java:157) - HHH000400: Using dialect: org.hibernate.dialect.PostgreSQL81Dialect
INFO  | 2022-07-23 14:46:47 | [main] internal.LobCreatorBuilderImpl (LobCreatorBuilderImpl.java:124) - HHH000424: Disabling contextual LOB creation as createClob() method threw error : java.lang.reflect.InvocationTargetException
INFO  | 2022-07-23 14:46:48 | [main] internal.DdlTransactionIsolatorNonJtaImpl (DdlTransactionIsolatorNonJtaImpl.java:47) - HHH10001501: Connection obtained from JdbcConnectionAccess [org.hibernate.engine.jdbc.env.internal.JdbcEnvironmentInitiator$ConnectionProviderJdbcConnectionAccess@27f0ad19] for (non-JTA) DDL execution was not in auto-commit mode; the Connection 'local transaction' will be committed and the Connection will be set into auto-commit mode.
INFO  | 2022-07-23 14:46:48 | [main] internal.QueryTranslatorFactoryInitiator (QueryTranslatorFactoryInitiator.java:47) - HHH000397: Using ASTQueryTranslatorFactory
INFO  | 2022-07-23 14:46:48 | [main] internal.DriverManagerConnectionProviderImpl (DriverManagerConnectionProviderImpl.java:230) - HHH10001008: Cleaning up connection pool [jdbc:postgresql://localhost:5432/krbatch2]
INFO  | 2022-07-23 14:50:11 | [main] util.LogHelper (LogHelper.java:31) - HHH000204: Processing PersistenceUnitInfo [
	name: kronos_pu
	...]
INFO  | 2022-07-23 14:50:11 | [main] hibernate.Version (Version.java:45) - HHH000412: Hibernate Core {5.2.9.Final}
INFO  | 2022-07-23 14:50:11 | [main] cfg.Environment (Environment.java:213) - HHH000206: hibernate.properties not found
INFO  | 2022-07-23 14:50:11 | [main] java.JavaReflectionManager (JavaReflectionManager.java:66) - HCANN000001: Hibernate Commons Annotations {5.0.1.Final}
WARN  | 2022-07-23 14:50:11 | [main] internal.DriverManagerConnectionProviderImpl (DriverManagerConnectionProviderImpl.java:70) - HHH10001002: Using Hibernate built-in connection pool (not for production use!)
INFO  | 2022-07-23 14:50:11 | [main] internal.DriverManagerConnectionProviderImpl (DriverManagerConnectionProviderImpl.java:126) - HHH10001005: using driver [org.postgresql.Driver] at URL [jdbc:postgresql://localhost:5432/krbatch2]
INFO  | 2022-07-23 14:50:11 | [main] internal.DriverManagerConnectionProviderImpl (DriverManagerConnectionProviderImpl.java:135) - HHH10001001: Connection properties: {user=postgres, password=****}
INFO  | 2022-07-23 14:50:11 | [main] internal.DriverManagerConnectionProviderImpl (DriverManagerConnectionProviderImpl.java:140) - HHH10001003: Autocommit mode: false
INFO  | 2022-07-23 14:50:11 | [main] internal.PooledConnections (PooledConnections.java:41) - HHH000115: Hibernate connection pool size: 20 (min=1)
INFO  | 2022-07-23 14:50:11 | [main] dialect.Dialect (Dialect.java:157) - HHH000400: Using dialect: org.hibernate.dialect.PostgreSQL81Dialect
INFO  | 2022-07-23 14:50:11 | [main] internal.LobCreatorBuilderImpl (LobCreatorBuilderImpl.java:124) - HHH000424: Disabling contextual LOB creation as createClob() method threw error : java.lang.reflect.InvocationTargetException
INFO  | 2022-07-23 14:50:12 | [main] internal.DdlTransactionIsolatorNonJtaImpl (DdlTransactionIsolatorNonJtaImpl.java:47) - HHH10001501: Connection obtained from JdbcConnectionAccess [org.hibernate.engine.jdbc.env.internal.JdbcEnvironmentInitiator$ConnectionProviderJdbcConnectionAccess@27f0ad19] for (non-JTA) DDL execution was not in auto-commit mode; the Connection 'local transaction' will be committed and the Connection will be set into auto-commit mode.
INFO  | 2022-07-23 14:50:12 | [main] internal.QueryTranslatorFactoryInitiator (QueryTranslatorFactoryInitiator.java:47) - HHH000397: Using ASTQueryTranslatorFactory
INFO  | 2022-07-23 14:50:12 | [main] internal.DriverManagerConnectionProviderImpl (DriverManagerConnectionProviderImpl.java:230) - HHH10001008: Cleaning up connection pool [jdbc:postgresql://localhost:5432/krbatch2]
INFO  | 2022-07-23 14:53:42 | [main] util.LogHelper (LogHelper.java:31) - HHH000204: Processing PersistenceUnitInfo [
	name: kronos_pu
	...]
INFO  | 2022-07-23 14:53:42 | [main] hibernate.Version (Version.java:45) - HHH000412: Hibernate Core {5.2.9.Final}
INFO  | 2022-07-23 14:53:42 | [main] cfg.Environment (Environment.java:213) - HHH000206: hibernate.properties not found
INFO  | 2022-07-23 14:53:43 | [main] java.JavaReflectionManager (JavaReflectionManager.java:66) - HCANN000001: Hibernate Commons Annotations {5.0.1.Final}
WARN  | 2022-07-23 14:53:43 | [main] internal.DriverManagerConnectionProviderImpl (DriverManagerConnectionProviderImpl.java:70) - HHH10001002: Using Hibernate built-in connection pool (not for production use!)
INFO  | 2022-07-23 14:53:43 | [main] internal.DriverManagerConnectionProviderImpl (DriverManagerConnectionProviderImpl.java:126) - HHH10001005: using driver [org.postgresql.Driver] at URL [jdbc:postgresql://localhost:5432/krbatch2]
INFO  | 2022-07-23 14:53:43 | [main] internal.DriverManagerConnectionProviderImpl (DriverManagerConnectionProviderImpl.java:135) - HHH10001001: Connection properties: {user=postgres, password=****}
INFO  | 2022-07-23 14:53:43 | [main] internal.DriverManagerConnectionProviderImpl (DriverManagerConnectionProviderImpl.java:140) - HHH10001003: Autocommit mode: false
INFO  | 2022-07-23 14:53:43 | [main] internal.PooledConnections (PooledConnections.java:41) - HHH000115: Hibernate connection pool size: 20 (min=1)
INFO  | 2022-07-23 14:53:43 | [main] dialect.Dialect (Dialect.java:157) - HHH000400: Using dialect: org.hibernate.dialect.PostgreSQL81Dialect
INFO  | 2022-07-23 14:53:43 | [main] internal.LobCreatorBuilderImpl (LobCreatorBuilderImpl.java:124) - HHH000424: Disabling contextual LOB creation as createClob() method threw error : java.lang.reflect.InvocationTargetException
INFO  | 2022-07-23 14:53:44 | [main] internal.DdlTransactionIsolatorNonJtaImpl (DdlTransactionIsolatorNonJtaImpl.java:47) - HHH10001501: Connection obtained from JdbcConnectionAccess [org.hibernate.engine.jdbc.env.internal.JdbcEnvironmentInitiator$ConnectionProviderJdbcConnectionAccess@27f0ad19] for (non-JTA) DDL execution was not in auto-commit mode; the Connection 'local transaction' will be committed and the Connection will be set into auto-commit mode.
INFO  | 2022-07-23 14:53:44 | [main] internal.QueryTranslatorFactoryInitiator (QueryTranslatorFactoryInitiator.java:47) - HHH000397: Using ASTQueryTranslatorFactory
INFO  | 2022-07-23 14:53:44 | [main] internal.DriverManagerConnectionProviderImpl (DriverManagerConnectionProviderImpl.java:230) - HHH10001008: Cleaning up connection pool [jdbc:postgresql://localhost:5432/krbatch2]
INFO  | 2022-07-23 14:54:54 | [main] util.LogHelper (LogHelper.java:31) - HHH000204: Processing PersistenceUnitInfo [
	name: kronos_pu
	...]
INFO  | 2022-07-23 14:54:54 | [main] hibernate.Version (Version.java:45) - HHH000412: Hibernate Core {5.2.9.Final}
INFO  | 2022-07-23 14:54:54 | [main] cfg.Environment (Environment.java:213) - HHH000206: hibernate.properties not found
INFO  | 2022-07-23 14:54:55 | [main] java.JavaReflectionManager (JavaReflectionManager.java:66) - HCANN000001: Hibernate Commons Annotations {5.0.1.Final}
WARN  | 2022-07-23 14:54:55 | [main] internal.DriverManagerConnectionProviderImpl (DriverManagerConnectionProviderImpl.java:70) - HHH10001002: Using Hibernate built-in connection pool (not for production use!)
INFO  | 2022-07-23 14:54:55 | [main] internal.DriverManagerConnectionProviderImpl (DriverManagerConnectionProviderImpl.java:126) - HHH10001005: using driver [org.postgresql.Driver] at URL [jdbc:postgresql://localhost:5432/krbatch2]
INFO  | 2022-07-23 14:54:55 | [main] internal.DriverManagerConnectionProviderImpl (DriverManagerConnectionProviderImpl.java:135) - HHH10001001: Connection properties: {user=postgres, password=****}
INFO  | 2022-07-23 14:54:55 | [main] internal.DriverManagerConnectionProviderImpl (DriverManagerConnectionProviderImpl.java:140) - HHH10001003: Autocommit mode: false
INFO  | 2022-07-23 14:54:55 | [main] internal.PooledConnections (PooledConnections.java:41) - HHH000115: Hibernate connection pool size: 20 (min=1)
INFO  | 2022-07-23 14:54:55 | [main] dialect.Dialect (Dialect.java:157) - HHH000400: Using dialect: org.hibernate.dialect.PostgreSQL81Dialect
INFO  | 2022-07-23 14:54:55 | [main] internal.LobCreatorBuilderImpl (LobCreatorBuilderImpl.java:124) - HHH000424: Disabling contextual LOB creation as createClob() method threw error : java.lang.reflect.InvocationTargetException
INFO  | 2022-07-23 14:54:56 | [main] internal.DdlTransactionIsolatorNonJtaImpl (DdlTransactionIsolatorNonJtaImpl.java:47) - HHH10001501: Connection obtained from JdbcConnectionAccess [org.hibernate.engine.jdbc.env.internal.JdbcEnvironmentInitiator$ConnectionProviderJdbcConnectionAccess@27f0ad19] for (non-JTA) DDL execution was not in auto-commit mode; the Connection 'local transaction' will be committed and the Connection will be set into auto-commit mode.
INFO  | 2022-07-23 14:54:56 | [main] internal.QueryTranslatorFactoryInitiator (QueryTranslatorFactoryInitiator.java:47) - HHH000397: Using ASTQueryTranslatorFactory
INFO  | 2022-07-23 14:54:56 | [main] internal.DriverManagerConnectionProviderImpl (DriverManagerConnectionProviderImpl.java:230) - HHH10001008: Cleaning up connection pool [jdbc:postgresql://localhost:5432/krbatch2]
INFO  | 2022-07-23 14:58:01 | [main] util.LogHelper (LogHelper.java:31) - HHH000204: Processing PersistenceUnitInfo [
	name: kronos_pu
	...]
INFO  | 2022-07-23 14:58:01 | [main] hibernate.Version (Version.java:45) - HHH000412: Hibernate Core {5.2.9.Final}
INFO  | 2022-07-23 14:58:01 | [main] cfg.Environment (Environment.java:213) - HHH000206: hibernate.properties not found
INFO  | 2022-07-23 14:58:01 | [main] java.JavaReflectionManager (JavaReflectionManager.java:66) - HCANN000001: Hibernate Commons Annotations {5.0.1.Final}
WARN  | 2022-07-23 14:58:01 | [main] internal.DriverManagerConnectionProviderImpl (DriverManagerConnectionProviderImpl.java:70) - HHH10001002: Using Hibernate built-in connection pool (not for production use!)
INFO  | 2022-07-23 14:58:01 | [main] internal.DriverManagerConnectionProviderImpl (DriverManagerConnectionProviderImpl.java:126) - HHH10001005: using driver [org.postgresql.Driver] at URL [jdbc:postgresql://localhost:5432/krbatch2]
INFO  | 2022-07-23 14:58:01 | [main] internal.DriverManagerConnectionProviderImpl (DriverManagerConnectionProviderImpl.java:135) - HHH10001001: Connection properties: {user=postgres, password=****}
INFO  | 2022-07-23 14:58:01 | [main] internal.DriverManagerConnectionProviderImpl (DriverManagerConnectionProviderImpl.java:140) - HHH10001003: Autocommit mode: false
INFO  | 2022-07-23 14:58:01 | [main] internal.PooledConnections (PooledConnections.java:41) - HHH000115: Hibernate connection pool size: 20 (min=1)
INFO  | 2022-07-23 14:58:02 | [main] dialect.Dialect (Dialect.java:157) - HHH000400: Using dialect: org.hibernate.dialect.PostgreSQL81Dialect
INFO  | 2022-07-23 14:58:02 | [main] internal.LobCreatorBuilderImpl (LobCreatorBuilderImpl.java:124) - HHH000424: Disabling contextual LOB creation as createClob() method threw error : java.lang.reflect.InvocationTargetException
INFO  | 2022-07-23 14:58:02 | [main] internal.DdlTransactionIsolatorNonJtaImpl (DdlTransactionIsolatorNonJtaImpl.java:47) - HHH10001501: Connection obtained from JdbcConnectionAccess [org.hibernate.engine.jdbc.env.internal.JdbcEnvironmentInitiator$ConnectionProviderJdbcConnectionAccess@27f0ad19] for (non-JTA) DDL execution was not in auto-commit mode; the Connection 'local transaction' will be committed and the Connection will be set into auto-commit mode.
INFO  | 2022-07-23 14:58:02 | [main] internal.QueryTranslatorFactoryInitiator (QueryTranslatorFactoryInitiator.java:47) - HHH000397: Using ASTQueryTranslatorFactory
INFO  | 2022-07-23 14:58:02 | [main] internal.DriverManagerConnectionProviderImpl (DriverManagerConnectionProviderImpl.java:230) - HHH10001008: Cleaning up connection pool [jdbc:postgresql://localhost:5432/krbatch2]
INFO  | 2022-07-23 14:58:19 | [main] util.LogHelper (LogHelper.java:31) - HHH000204: Processing PersistenceUnitInfo [
	name: kronos_pu
	...]
INFO  | 2022-07-23 14:58:19 | [main] hibernate.Version (Version.java:45) - HHH000412: Hibernate Core {5.2.9.Final}
INFO  | 2022-07-23 14:58:19 | [main] cfg.Environment (Environment.java:213) - HHH000206: hibernate.properties not found
INFO  | 2022-07-23 14:58:19 | [main] java.JavaReflectionManager (JavaReflectionManager.java:66) - HCANN000001: Hibernate Commons Annotations {5.0.1.Final}
WARN  | 2022-07-23 14:58:19 | [main] internal.DriverManagerConnectionProviderImpl (DriverManagerConnectionProviderImpl.java:70) - HHH10001002: Using Hibernate built-in connection pool (not for production use!)
INFO  | 2022-07-23 14:58:19 | [main] internal.DriverManagerConnectionProviderImpl (DriverManagerConnectionProviderImpl.java:126) - HHH10001005: using driver [org.postgresql.Driver] at URL [jdbc:postgresql://localhost:5432/krbatch2]
INFO  | 2022-07-23 14:58:19 | [main] internal.DriverManagerConnectionProviderImpl (DriverManagerConnectionProviderImpl.java:135) - HHH10001001: Connection properties: {user=postgres, password=****}
INFO  | 2022-07-23 14:58:19 | [main] internal.DriverManagerConnectionProviderImpl (DriverManagerConnectionProviderImpl.java:140) - HHH10001003: Autocommit mode: false
INFO  | 2022-07-23 14:58:19 | [main] internal.PooledConnections (PooledConnections.java:41) - HHH000115: Hibernate connection pool size: 20 (min=1)
INFO  | 2022-07-23 14:58:20 | [main] dialect.Dialect (Dialect.java:157) - HHH000400: Using dialect: org.hibernate.dialect.PostgreSQL81Dialect
INFO  | 2022-07-23 14:58:20 | [main] internal.LobCreatorBuilderImpl (LobCreatorBuilderImpl.java:124) - HHH000424: Disabling contextual LOB creation as createClob() method threw error : java.lang.reflect.InvocationTargetException
INFO  | 2022-07-23 14:58:21 | [main] internal.DdlTransactionIsolatorNonJtaImpl (DdlTransactionIsolatorNonJtaImpl.java:47) - HHH10001501: Connection obtained from JdbcConnectionAccess [org.hibernate.engine.jdbc.env.internal.JdbcEnvironmentInitiator$ConnectionProviderJdbcConnectionAccess@27f0ad19] for (non-JTA) DDL execution was not in auto-commit mode; the Connection 'local transaction' will be committed and the Connection will be set into auto-commit mode.
INFO  | 2022-07-23 14:58:21 | [main] internal.QueryTranslatorFactoryInitiator (QueryTranslatorFactoryInitiator.java:47) - HHH000397: Using ASTQueryTranslatorFactory
INFO  | 2022-07-23 14:58:21 | [main] internal.DriverManagerConnectionProviderImpl (DriverManagerConnectionProviderImpl.java:230) - HHH10001008: Cleaning up connection pool [jdbc:postgresql://localhost:5432/krbatch2]
INFO  | 2022-07-23 16:07:28 | [main] util.LogHelper (LogHelper.java:31) - HHH000204: Processing PersistenceUnitInfo [
	name: kronos_pu
	...]
INFO  | 2022-07-23 16:07:28 | [main] hibernate.Version (Version.java:45) - HHH000412: Hibernate Core {5.2.9.Final}
INFO  | 2022-07-23 16:07:28 | [main] cfg.Environment (Environment.java:213) - HHH000206: hibernate.properties not found
INFO  | 2022-07-23 16:07:28 | [main] java.JavaReflectionManager (JavaReflectionManager.java:66) - HCANN000001: Hibernate Commons Annotations {5.0.1.Final}
WARN  | 2022-07-23 16:07:28 | [main] internal.DriverManagerConnectionProviderImpl (DriverManagerConnectionProviderImpl.java:70) - HHH10001002: Using Hibernate built-in connection pool (not for production use!)
INFO  | 2022-07-23 16:07:28 | [main] internal.DriverManagerConnectionProviderImpl (DriverManagerConnectionProviderImpl.java:126) - HHH10001005: using driver [org.postgresql.Driver] at URL [jdbc:postgresql://localhost:5432/krbatch2]
INFO  | 2022-07-23 16:07:28 | [main] internal.DriverManagerConnectionProviderImpl (DriverManagerConnectionProviderImpl.java:135) - HHH10001001: Connection properties: {user=postgres, password=****}
INFO  | 2022-07-23 16:07:28 | [main] internal.DriverManagerConnectionProviderImpl (DriverManagerConnectionProviderImpl.java:140) - HHH10001003: Autocommit mode: false
INFO  | 2022-07-23 16:07:28 | [main] internal.PooledConnections (PooledConnections.java:41) - HHH000115: Hibernate connection pool size: 20 (min=1)
INFO  | 2022-07-23 16:07:29 | [main] dialect.Dialect (Dialect.java:157) - HHH000400: Using dialect: org.hibernate.dialect.PostgreSQL81Dialect
INFO  | 2022-07-23 16:07:29 | [main] internal.LobCreatorBuilderImpl (LobCreatorBuilderImpl.java:124) - HHH000424: Disabling contextual LOB creation as createClob() method threw error : java.lang.reflect.InvocationTargetException
INFO  | 2022-07-23 16:07:29 | [main] internal.DdlTransactionIsolatorNonJtaImpl (DdlTransactionIsolatorNonJtaImpl.java:47) - HHH10001501: Connection obtained from JdbcConnectionAccess [org.hibernate.engine.jdbc.env.internal.JdbcEnvironmentInitiator$ConnectionProviderJdbcConnectionAccess@6f815e7f] for (non-JTA) DDL execution was not in auto-commit mode; the Connection 'local transaction' will be committed and the Connection will be set into auto-commit mode.
INFO  | 2022-07-23 16:07:29 | [main] internal.DriverManagerConnectionProviderImpl (DriverManagerConnectionProviderImpl.java:230) - HHH10001008: Cleaning up connection pool [jdbc:postgresql://localhost:5432/krbatch2]
INFO  | 2022-07-23 16:08:14 | [main] util.LogHelper (LogHelper.java:31) - HHH000204: Processing PersistenceUnitInfo [
	name: kronos_pu
	...]
INFO  | 2022-07-23 16:08:14 | [main] hibernate.Version (Version.java:45) - HHH000412: Hibernate Core {5.2.9.Final}
INFO  | 2022-07-23 16:08:14 | [main] cfg.Environment (Environment.java:213) - HHH000206: hibernate.properties not found
INFO  | 2022-07-23 16:08:14 | [main] java.JavaReflectionManager (JavaReflectionManager.java:66) - HCANN000001: Hibernate Commons Annotations {5.0.1.Final}
WARN  | 2022-07-23 16:08:14 | [main] internal.DriverManagerConnectionProviderImpl (DriverManagerConnectionProviderImpl.java:70) - HHH10001002: Using Hibernate built-in connection pool (not for production use!)
INFO  | 2022-07-23 16:08:14 | [main] internal.DriverManagerConnectionProviderImpl (DriverManagerConnectionProviderImpl.java:126) - HHH10001005: using driver [org.postgresql.Driver] at URL [jdbc:postgresql://localhost:5432/krbatch2]
INFO  | 2022-07-23 16:08:14 | [main] internal.DriverManagerConnectionProviderImpl (DriverManagerConnectionProviderImpl.java:135) - HHH10001001: Connection properties: {user=postgres, password=****}
INFO  | 2022-07-23 16:08:14 | [main] internal.DriverManagerConnectionProviderImpl (DriverManagerConnectionProviderImpl.java:140) - HHH10001003: Autocommit mode: false
INFO  | 2022-07-23 16:08:14 | [main] internal.PooledConnections (PooledConnections.java:41) - HHH000115: Hibernate connection pool size: 20 (min=1)
INFO  | 2022-07-23 16:08:15 | [main] dialect.Dialect (Dialect.java:157) - HHH000400: Using dialect: org.hibernate.dialect.PostgreSQL81Dialect
INFO  | 2022-07-23 16:08:15 | [main] internal.LobCreatorBuilderImpl (LobCreatorBuilderImpl.java:124) - HHH000424: Disabling contextual LOB creation as createClob() method threw error : java.lang.reflect.InvocationTargetException
INFO  | 2022-07-23 16:08:15 | [main] internal.DdlTransactionIsolatorNonJtaImpl (DdlTransactionIsolatorNonJtaImpl.java:47) - HHH10001501: Connection obtained from JdbcConnectionAccess [org.hibernate.engine.jdbc.env.internal.JdbcEnvironmentInitiator$ConnectionProviderJdbcConnectionAccess@60e9df3c] for (non-JTA) DDL execution was not in auto-commit mode; the Connection 'local transaction' will be committed and the Connection will be set into auto-commit mode.
WARN  | 2022-07-23 16:08:15 | [main] internal.ExceptionHandlerLoggedImpl (ExceptionHandlerLoggedImpl.java:27) - GenerationTarget encountered exception accepting command : Error executing DDL via JDBC Statement
org.hibernate.tool.schema.spi.CommandAcceptanceException: Error executing DDL via JDBC Statement
	at org.hibernate.tool.schema.internal.exec.GenerationTargetToDatabase.accept(GenerationTargetToDatabase.java:67) ~[hibernate-core-5.2.9.Final.jar:5.2.9.Final]
	at org.hibernate.tool.schema.internal.SchemaDropperImpl.applySqlString(SchemaDropperImpl.java:375) [hibernate-core-5.2.9.Final.jar:5.2.9.Final]
	at org.hibernate.tool.schema.internal.SchemaDropperImpl.applySqlStrings(SchemaDropperImpl.java:359) [hibernate-core-5.2.9.Final.jar:5.2.9.Final]
	at org.hibernate.tool.schema.internal.SchemaDropperImpl.applyConstraintDropping(SchemaDropperImpl.java:331) [hibernate-core-5.2.9.Final.jar:5.2.9.Final]
	at org.hibernate.tool.schema.internal.SchemaDropperImpl.dropFromMetadata(SchemaDropperImpl.java:230) [hibernate-core-5.2.9.Final.jar:5.2.9.Final]
	at org.hibernate.tool.schema.internal.SchemaDropperImpl.performDrop(SchemaDropperImpl.java:154) [hibernate-core-5.2.9.Final.jar:5.2.9.Final]
	at org.hibernate.tool.schema.internal.SchemaDropperImpl.doDrop(SchemaDropperImpl.java:126) [hibernate-core-5.2.9.Final.jar:5.2.9.Final]
	at org.hibernate.tool.schema.internal.SchemaDropperImpl.doDrop(SchemaDropperImpl.java:112) [hibernate-core-5.2.9.Final.jar:5.2.9.Final]
	at org.hibernate.tool.schema.spi.SchemaManagementToolCoordinator.performDatabaseAction(SchemaManagementToolCoordinator.java:144) [hibernate-core-5.2.9.Final.jar:5.2.9.Final]
	at org.hibernate.tool.schema.spi.SchemaManagementToolCoordinator.process(SchemaManagementToolCoordinator.java:72) [hibernate-core-5.2.9.Final.jar:5.2.9.Final]
	at org.hibernate.internal.SessionFactoryImpl.<init>(SessionFactoryImpl.java:309) [hibernate-core-5.2.9.Final.jar:5.2.9.Final]
	at org.hibernate.boot.internal.SessionFactoryBuilderImpl.build(SessionFactoryBuilderImpl.java:445) [hibernate-core-5.2.9.Final.jar:5.2.9.Final]
	at org.hibernate.jpa.boot.internal.EntityManagerFactoryBuilderImpl.build(EntityManagerFactoryBuilderImpl.java:889) [hibernate-core-5.2.9.Final.jar:5.2.9.Final]
	at org.hibernate.jpa.HibernatePersistenceProvider.createEntityManagerFactory(HibernatePersistenceProvider.java:58) [hibernate-core-5.2.9.Final.jar:5.2.9.Final]
	at javax.persistence.Persistence.createEntityManagerFactory(Persistence.java:55) [hibernate-jpa-2.1-api-1.0.0.Final.jar:1.0.0.Final]
	at javax.persistence.Persistence.createEntityManagerFactory(Persistence.java:39) [hibernate-jpa-2.1-api-1.0.0.Final.jar:1.0.0.Final]
	at com.demo.ex2.AddEmp.main(AddEmp.java:14) [main/:?]
Caused by: org.postgresql.util.PSQLException: ERROR: relation "phones_table" does not exist
	at org.postgresql.core.v3.QueryExecutorImpl.receiveErrorResponse(QueryExecutorImpl.java:2675) ~[postgresql-42.3.5.jar:42.3.5]
	at org.postgresql.core.v3.QueryExecutorImpl.processResults(QueryExecutorImpl.java:2365) ~[postgresql-42.3.5.jar:42.3.5]
	at org.postgresql.core.v3.QueryExecutorImpl.execute(QueryExecutorImpl.java:355) ~[postgresql-42.3.5.jar:42.3.5]
	at org.postgresql.jdbc.PgStatement.executeInternal(PgStatement.java:490) ~[postgresql-42.3.5.jar:42.3.5]
	at org.postgresql.jdbc.PgStatement.execute(PgStatement.java:408) ~[postgresql-42.3.5.jar:42.3.5]
	at org.postgresql.jdbc.PgStatement.executeWithFlags(PgStatement.java:329) ~[postgresql-42.3.5.jar:42.3.5]
	at org.postgresql.jdbc.PgStatement.executeCachedSql(PgStatement.java:315) ~[postgresql-42.3.5.jar:42.3.5]
	at org.postgresql.jdbc.PgStatement.executeWithFlags(PgStatement.java:291) ~[postgresql-42.3.5.jar:42.3.5]
	at org.postgresql.jdbc.PgStatement.execute(PgStatement.java:286) ~[postgresql-42.3.5.jar:42.3.5]
	at org.hibernate.tool.schema.internal.exec.GenerationTargetToDatabase.accept(GenerationTargetToDatabase.java:54) ~[hibernate-core-5.2.9.Final.jar:5.2.9.Final]
	... 16 more
WARN  | 2022-07-23 16:08:15 | [main] internal.ExceptionHandlerLoggedImpl (ExceptionHandlerLoggedImpl.java:27) - GenerationTarget encountered exception accepting command : Error executing DDL via JDBC Statement
org.hibernate.tool.schema.spi.CommandAcceptanceException: Error executing DDL via JDBC Statement
	at org.hibernate.tool.schema.internal.exec.GenerationTargetToDatabase.accept(GenerationTargetToDatabase.java:67) ~[hibernate-core-5.2.9.Final.jar:5.2.9.Final]
	at org.hibernate.tool.schema.internal.SchemaDropperImpl.applySqlString(SchemaDropperImpl.java:375) [hibernate-core-5.2.9.Final.jar:5.2.9.Final]
	at org.hibernate.tool.schema.internal.SchemaDropperImpl.applySqlStrings(SchemaDropperImpl.java:359) [hibernate-core-5.2.9.Final.jar:5.2.9.Final]
	at org.hibernate.tool.schema.internal.SchemaDropperImpl.dropFromMetadata(SchemaDropperImpl.java:241) [hibernate-core-5.2.9.Final.jar:5.2.9.Final]
	at org.hibernate.tool.schema.internal.SchemaDropperImpl.performDrop(SchemaDropperImpl.java:154) [hibernate-core-5.2.9.Final.jar:5.2.9.Final]
	at org.hibernate.tool.schema.internal.SchemaDropperImpl.doDrop(SchemaDropperImpl.java:126) [hibernate-core-5.2.9.Final.jar:5.2.9.Final]
	at org.hibernate.tool.schema.internal.SchemaDropperImpl.doDrop(SchemaDropperImpl.java:112) [hibernate-core-5.2.9.Final.jar:5.2.9.Final]
	at org.hibernate.tool.schema.spi.SchemaManagementToolCoordinator.performDatabaseAction(SchemaManagementToolCoordinator.java:144) [hibernate-core-5.2.9.Final.jar:5.2.9.Final]
	at org.hibernate.tool.schema.spi.SchemaManagementToolCoordinator.process(SchemaManagementToolCoordinator.java:72) [hibernate-core-5.2.9.Final.jar:5.2.9.Final]
	at org.hibernate.internal.SessionFactoryImpl.<init>(SessionFactoryImpl.java:309) [hibernate-core-5.2.9.Final.jar:5.2.9.Final]
	at org.hibernate.boot.internal.SessionFactoryBuilderImpl.build(SessionFactoryBuilderImpl.java:445) [hibernate-core-5.2.9.Final.jar:5.2.9.Final]
	at org.hibernate.jpa.boot.internal.EntityManagerFactoryBuilderImpl.build(EntityManagerFactoryBuilderImpl.java:889) [hibernate-core-5.2.9.Final.jar:5.2.9.Final]
	at org.hibernate.jpa.HibernatePersistenceProvider.createEntityManagerFactory(HibernatePersistenceProvider.java:58) [hibernate-core-5.2.9.Final.jar:5.2.9.Final]
	at javax.persistence.Persistence.createEntityManagerFactory(Persistence.java:55) [hibernate-jpa-2.1-api-1.0.0.Final.jar:1.0.0.Final]
	at javax.persistence.Persistence.createEntityManagerFactory(Persistence.java:39) [hibernate-jpa-2.1-api-1.0.0.Final.jar:1.0.0.Final]
	at com.demo.ex2.AddEmp.main(AddEmp.java:14) [main/:?]
Caused by: org.postgresql.util.PSQLException: ERROR: table "emp_b2_t1" does not exist
	at org.postgresql.core.v3.QueryExecutorImpl.receiveErrorResponse(QueryExecutorImpl.java:2675) ~[postgresql-42.3.5.jar:42.3.5]
	at org.postgresql.core.v3.QueryExecutorImpl.processResults(QueryExecutorImpl.java:2365) ~[postgresql-42.3.5.jar:42.3.5]
	at org.postgresql.core.v3.QueryExecutorImpl.execute(QueryExecutorImpl.java:355) ~[postgresql-42.3.5.jar:42.3.5]
	at org.postgresql.jdbc.PgStatement.executeInternal(PgStatement.java:490) ~[postgresql-42.3.5.jar:42.3.5]
	at org.postgresql.jdbc.PgStatement.execute(PgStatement.java:408) ~[postgresql-42.3.5.jar:42.3.5]
	at org.postgresql.jdbc.PgStatement.executeWithFlags(PgStatement.java:329) ~[postgresql-42.3.5.jar:42.3.5]
	at org.postgresql.jdbc.PgStatement.executeCachedSql(PgStatement.java:315) ~[postgresql-42.3.5.jar:42.3.5]
	at org.postgresql.jdbc.PgStatement.executeWithFlags(PgStatement.java:291) ~[postgresql-42.3.5.jar:42.3.5]
	at org.postgresql.jdbc.PgStatement.execute(PgStatement.java:286) ~[postgresql-42.3.5.jar:42.3.5]
	at org.hibernate.tool.schema.internal.exec.GenerationTargetToDatabase.accept(GenerationTargetToDatabase.java:54) ~[hibernate-core-5.2.9.Final.jar:5.2.9.Final]
	... 15 more
WARN  | 2022-07-23 16:08:15 | [main] internal.ExceptionHandlerLoggedImpl (ExceptionHandlerLoggedImpl.java:27) - GenerationTarget encountered exception accepting command : Error executing DDL via JDBC Statement
org.hibernate.tool.schema.spi.CommandAcceptanceException: Error executing DDL via JDBC Statement
	at org.hibernate.tool.schema.internal.exec.GenerationTargetToDatabase.accept(GenerationTargetToDatabase.java:67) ~[hibernate-core-5.2.9.Final.jar:5.2.9.Final]
	at org.hibernate.tool.schema.internal.SchemaDropperImpl.applySqlString(SchemaDropperImpl.java:375) [hibernate-core-5.2.9.Final.jar:5.2.9.Final]
	at org.hibernate.tool.schema.internal.SchemaDropperImpl.applySqlStrings(SchemaDropperImpl.java:359) [hibernate-core-5.2.9.Final.jar:5.2.9.Final]
	at org.hibernate.tool.schema.internal.SchemaDropperImpl.dropFromMetadata(SchemaDropperImpl.java:241) [hibernate-core-5.2.9.Final.jar:5.2.9.Final]
	at org.hibernate.tool.schema.internal.SchemaDropperImpl.performDrop(SchemaDropperImpl.java:154) [hibernate-core-5.2.9.Final.jar:5.2.9.Final]
	at org.hibernate.tool.schema.internal.SchemaDropperImpl.doDrop(SchemaDropperImpl.java:126) [hibernate-core-5.2.9.Final.jar:5.2.9.Final]
	at org.hibernate.tool.schema.internal.SchemaDropperImpl.doDrop(SchemaDropperImpl.java:112) [hibernate-core-5.2.9.Final.jar:5.2.9.Final]
	at org.hibernate.tool.schema.spi.SchemaManagementToolCoordinator.performDatabaseAction(SchemaManagementToolCoordinator.java:144) [hibernate-core-5.2.9.Final.jar:5.2.9.Final]
	at org.hibernate.tool.schema.spi.SchemaManagementToolCoordinator.process(SchemaManagementToolCoordinator.java:72) [hibernate-core-5.2.9.Final.jar:5.2.9.Final]
	at org.hibernate.internal.SessionFactoryImpl.<init>(SessionFactoryImpl.java:309) [hibernate-core-5.2.9.Final.jar:5.2.9.Final]
	at org.hibernate.boot.internal.SessionFactoryBuilderImpl.build(SessionFactoryBuilderImpl.java:445) [hibernate-core-5.2.9.Final.jar:5.2.9.Final]
	at org.hibernate.jpa.boot.internal.EntityManagerFactoryBuilderImpl.build(EntityManagerFactoryBuilderImpl.java:889) [hibernate-core-5.2.9.Final.jar:5.2.9.Final]
	at org.hibernate.jpa.HibernatePersistenceProvider.createEntityManagerFactory(HibernatePersistenceProvider.java:58) [hibernate-core-5.2.9.Final.jar:5.2.9.Final]
	at javax.persistence.Persistence.createEntityManagerFactory(Persistence.java:55) [hibernate-jpa-2.1-api-1.0.0.Final.jar:1.0.0.Final]
	at javax.persistence.Persistence.createEntityManagerFactory(Persistence.java:39) [hibernate-jpa-2.1-api-1.0.0.Final.jar:1.0.0.Final]
	at com.demo.ex2.AddEmp.main(AddEmp.java:14) [main/:?]
Caused by: org.postgresql.util.PSQLException: ERROR: table "phones_table" does not exist
	at org.postgresql.core.v3.QueryExecutorImpl.receiveErrorResponse(QueryExecutorImpl.java:2675) ~[postgresql-42.3.5.jar:42.3.5]
	at org.postgresql.core.v3.QueryExecutorImpl.processResults(QueryExecutorImpl.java:2365) ~[postgresql-42.3.5.jar:42.3.5]
	at org.postgresql.core.v3.QueryExecutorImpl.execute(QueryExecutorImpl.java:355) ~[postgresql-42.3.5.jar:42.3.5]
	at org.postgresql.jdbc.PgStatement.executeInternal(PgStatement.java:490) ~[postgresql-42.3.5.jar:42.3.5]
	at org.postgresql.jdbc.PgStatement.execute(PgStatement.java:408) ~[postgresql-42.3.5.jar:42.3.5]
	at org.postgresql.jdbc.PgStatement.executeWithFlags(PgStatement.java:329) ~[postgresql-42.3.5.jar:42.3.5]
	at org.postgresql.jdbc.PgStatement.executeCachedSql(PgStatement.java:315) ~[postgresql-42.3.5.jar:42.3.5]
	at org.postgresql.jdbc.PgStatement.executeWithFlags(PgStatement.java:291) ~[postgresql-42.3.5.jar:42.3.5]
	at org.postgresql.jdbc.PgStatement.execute(PgStatement.java:286) ~[postgresql-42.3.5.jar:42.3.5]
	at org.hibernate.tool.schema.internal.exec.GenerationTargetToDatabase.accept(GenerationTargetToDatabase.java:54) ~[hibernate-core-5.2.9.Final.jar:5.2.9.Final]
	... 15 more
INFO  | 2022-07-23 16:08:15 | [main] internal.DdlTransactionIsolatorNonJtaImpl (DdlTransactionIsolatorNonJtaImpl.java:47) - HHH10001501: Connection obtained from JdbcConnectionAccess [org.hibernate.engine.jdbc.env.internal.JdbcEnvironmentInitiator$ConnectionProviderJdbcConnectionAccess@7f4037ed] for (non-JTA) DDL execution was not in auto-commit mode; the Connection 'local transaction' will be committed and the Connection will be set into auto-commit mode.
INFO  | 2022-07-23 16:08:15 | [main] internal.SchemaCreatorImpl (SchemaCreatorImpl.java:489) - HHH000476: Executing import script 'org.hibernate.tool.schema.internal.exec.ScriptSourceInputNonExistentImpl@110844f6'
INFO  | 2022-07-23 16:08:16 | [main] internal.DriverManagerConnectionProviderImpl (DriverManagerConnectionProviderImpl.java:230) - HHH10001008: Cleaning up connection pool [jdbc:postgresql://localhost:5432/krbatch2]
